{
  "/home/francois/dev/projects/jhipster/generator-jhipster-kafka/generators/constants.js": {
    "path": "/home/francois/dev/projects/jhipster/generator-jhipster-kafka/generators/constants.js",
    "statementMap": {
      "0": { "start": { "line": 20, "column": 28 }, "end": { "line": 20, "column": 39 } },
      "1": { "start": { "line": 21, "column": 26 }, "end": { "line": 21, "column": 73 } },
      "2": { "start": { "line": 22, "column": 20 }, "end": { "line": 22, "column": 46 } },
      "3": { "start": { "line": 23, "column": 21 }, "end": { "line": 23, "column": 30 } },
      "4": { "start": { "line": 24, "column": 25 }, "end": { "line": 24, "column": 38 } },
      "5": { "start": { "line": 25, "column": 27 }, "end": { "line": 25, "column": 37 } },
      "6": { "start": { "line": 26, "column": 27 }, "end": { "line": 26, "column": 37 } },
      "7": { "start": { "line": 27, "column": 18 }, "end": { "line": 27, "column": 29 } },
      "8": { "start": { "line": 28, "column": 24 }, "end": { "line": 28, "column": 34 } },
      "9": { "start": { "line": 29, "column": 22 }, "end": { "line": 29, "column": 30 } },
      "10": { "start": { "line": 30, "column": 20 }, "end": { "line": 30, "column": 26 } },
      "11": { "start": { "line": 31, "column": 32 }, "end": { "line": 31, "column": 39 } },
      "12": { "start": { "line": 32, "column": 23 }, "end": { "line": 32, "column": 30 } },
      "13": { "start": { "line": 33, "column": 21 }, "end": { "line": 33, "column": 23 } },
      "14": { "start": { "line": 35, "column": 18 }, "end": { "line": 50, "column": 1 } },
      "15": { "start": { "line": 52, "column": 0 }, "end": { "line": 52, "column": 27 } }
    },
    "fnMap": {},
    "branchMap": {},
    "s": {
      "0": 1,
      "1": 1,
      "2": 1,
      "3": 1,
      "4": 1,
      "5": 1,
      "6": 1,
      "7": 1,
      "8": 1,
      "9": 1,
      "10": 1,
      "11": 1,
      "12": 1,
      "13": 1,
      "14": 1,
      "15": 1
    },
    "f": {},
    "b": {},
    "_coverageSchema": "1a1c01bbd47fc00a2c39e90264f33305004495a9",
    "hash": "0332c618f8d953cc998596e50ceb79aef48433cb",
    "contentHash": "f992cf65019ab8b62f1e095b4b2ffb8ac8c5edaa0727404e669ca8ddbb55bf9e"
  },
  "/home/francois/dev/projects/jhipster/generator-jhipster-kafka/generators/app/index.js": {
    "path": "/home/francois/dev/projects/jhipster/generator-jhipster-kafka/generators/app/index.js",
    "statementMap": {
      "0": { "start": { "line": 1, "column": 22 }, "end": { "line": 1, "column": 77 } },
      "1": { "start": { "line": 2, "column": 14 }, "end": { "line": 2, "column": 30 } },
      "2": { "start": { "line": 3, "column": 15 }, "end": { "line": 3, "column": 32 } },
      "3": { "start": { "line": 4, "column": 18 }, "end": { "line": 4, "column": 47 } },
      "4": { "start": { "line": 6, "column": 14 }, "end": { "line": 6, "column": 32 } },
      "5": { "start": { "line": 7, "column": 16 }, "end": { "line": 7, "column": 36 } },
      "6": { "start": { "line": 9, "column": 0 }, "end": { "line": 104, "column": 2 } },
      "7": { "start": { "line": 11, "column": 8 }, "end": { "line": 11, "column": 26 } },
      "8": { "start": { "line": 13, "column": 8 }, "end": { "line": 13, "column": 62 } },
      "9": { "start": { "line": 16, "column": 8 }, "end": { "line": 20, "column": 11 } },
      "10": { "start": { "line": 23, "column": 8 }, "end": { "line": 28, "column": 10 } },
      "11": { "start": { "line": 30, "column": 8 }, "end": { "line": 30, "column": 38 } },
      "12": { "start": { "line": 34, "column": 8 }, "end": { "line": 68, "column": 10 } },
      "13": { "start": { "line": 36, "column": 16 }, "end": { "line": 38, "column": 17 } },
      "14": { "start": { "line": 41, "column": 16 }, "end": { "line": 41, "column": 69 } },
      "15": { "start": { "line": 43, "column": 16 }, "end": { "line": 45, "column": 17 } },
      "16": { "start": { "line": 44, "column": 20 }, "end": { "line": 44, "column": 58 } },
      "17": { "start": { "line": 47, "column": 16 }, "end": { "line": 49, "column": 17 } },
      "18": { "start": { "line": 48, "column": 20 }, "end": { "line": 48, "column": 75 } },
      "19": { "start": { "line": 54, "column": 16 }, "end": { "line": 54, "column": 41 } },
      "20": { "start": { "line": 57, "column": 16 }, "end": { "line": 57, "column": 138 } },
      "21": { "start": { "line": 60, "column": 47 }, "end": { "line": 60, "column": 85 } },
      "22": { "start": { "line": 61, "column": 47 }, "end": { "line": 61, "column": 91 } },
      "23": { "start": { "line": 62, "column": 16 }, "end": { "line": 66, "column": 17 } },
      "24": { "start": { "line": 63, "column": 20 }, "end": { "line": 65, "column": 22 } },
      "25": { "start": { "line": 72, "column": 8 }, "end": { "line": 72, "column": 39 } },
      "26": { "start": { "line": 76, "column": 8 }, "end": { "line": 76, "column": 31 } },
      "27": { "start": { "line": 80, "column": 23 }, "end": { "line": 80, "column": 129 } },
      "28": { "start": { "line": 82, "column": 47 }, "end": { "line": 87, "column": 9 } },
      "29": { "start": { "line": 83, "column": 12 }, "end": { "line": 86, "column": 13 } },
      "30": { "start": { "line": 84, "column": 16 }, "end": { "line": 84, "column": 64 } },
      "31": { "start": { "line": 85, "column": 16 }, "end": { "line": 85, "column": 33 } },
      "32": { "start": { "line": 88, "column": 30 }, "end": { "line": 93, "column": 9 } },
      "33": { "start": { "line": 94, "column": 8 }, "end": { "line": 98, "column": 9 } },
      "34": { "start": { "line": 95, "column": 12 }, "end": { "line": 95, "column": 29 } },
      "35": { "start": { "line": 97, "column": 12 }, "end": { "line": 97, "column": 52 } },
      "36": { "start": { "line": 102, "column": 8 }, "end": { "line": 102, "column": 43 } }
    },
    "fnMap": {
      "0": {
        "name": "(anonymous_0)",
        "decl": { "start": { "line": 10, "column": 4 }, "end": { "line": 10, "column": 5 } },
        "loc": { "start": { "line": 10, "column": 28 }, "end": { "line": 31, "column": 5 } },
        "line": 10
      },
      "1": {
        "name": "(anonymous_1)",
        "decl": { "start": { "line": 33, "column": 4 }, "end": { "line": 33, "column": 5 } },
        "loc": { "start": { "line": 33, "column": 23 }, "end": { "line": 69, "column": 5 } },
        "line": 33
      },
      "2": {
        "name": "(anonymous_2)",
        "decl": { "start": { "line": 35, "column": 12 }, "end": { "line": 35, "column": 13 } },
        "loc": { "start": { "line": 35, "column": 23 }, "end": { "line": 39, "column": 13 } },
        "line": 35
      },
      "3": {
        "name": "(anonymous_3)",
        "decl": { "start": { "line": 40, "column": 12 }, "end": { "line": 40, "column": 13 } },
        "loc": { "start": { "line": 40, "column": 25 }, "end": { "line": 50, "column": 13 } },
        "line": 40
      },
      "4": {
        "name": "(anonymous_4)",
        "decl": { "start": { "line": 51, "column": 12 }, "end": { "line": 51, "column": 13 } },
        "loc": { "start": { "line": 51, "column": 26 }, "end": { "line": 58, "column": 13 } },
        "line": 51
      },
      "5": {
        "name": "(anonymous_5)",
        "decl": { "start": { "line": 59, "column": 12 }, "end": { "line": 59, "column": 13 } },
        "loc": { "start": { "line": 59, "column": 28 }, "end": { "line": 67, "column": 13 } },
        "line": 59
      },
      "6": {
        "name": "(anonymous_6)",
        "decl": { "start": { "line": 71, "column": 4 }, "end": { "line": 71, "column": 5 } },
        "loc": { "start": { "line": 71, "column": 16 }, "end": { "line": 73, "column": 5 } },
        "line": 71
      },
      "7": {
        "name": "(anonymous_7)",
        "decl": { "start": { "line": 75, "column": 4 }, "end": { "line": 75, "column": 5 } },
        "loc": { "start": { "line": 75, "column": 14 }, "end": { "line": 77, "column": 5 } },
        "line": 75
      },
      "8": {
        "name": "(anonymous_8)",
        "decl": { "start": { "line": 79, "column": 4 }, "end": { "line": 79, "column": 5 } },
        "loc": { "start": { "line": 79, "column": 14 }, "end": { "line": 99, "column": 5 } },
        "line": 79
      },
      "9": {
        "name": "(anonymous_9)",
        "decl": { "start": { "line": 82, "column": 47 }, "end": { "line": 82, "column": 48 } },
        "loc": { "start": { "line": 82, "column": 54 }, "end": { "line": 87, "column": 9 } },
        "line": 82
      },
      "10": {
        "name": "(anonymous_10)",
        "decl": { "start": { "line": 101, "column": 4 }, "end": { "line": 101, "column": 5 } },
        "loc": { "start": { "line": 101, "column": 10 }, "end": { "line": 103, "column": 5 } },
        "line": 101
      }
    },
    "branchMap": {
      "0": {
        "loc": { "start": { "line": 13, "column": 29 }, "end": { "line": 13, "column": 61 } },
        "type": "binary-expr",
        "locations": [
          { "start": { "line": 13, "column": 29 }, "end": { "line": 13, "column": 55 } },
          { "start": { "line": 13, "column": 59 }, "end": { "line": 13, "column": 61 } }
        ],
        "line": 13
      },
      "1": {
        "loc": { "start": { "line": 36, "column": 16 }, "end": { "line": 38, "column": 17 } },
        "type": "if",
        "locations": [
          { "start": { "line": 36, "column": 16 }, "end": { "line": 38, "column": 17 } },
          { "start": { "line": 36, "column": 16 }, "end": { "line": 38, "column": 17 } }
        ],
        "line": 36
      },
      "2": {
        "loc": { "start": { "line": 43, "column": 16 }, "end": { "line": 45, "column": 17 } },
        "type": "if",
        "locations": [
          { "start": { "line": 43, "column": 16 }, "end": { "line": 45, "column": 17 } },
          { "start": { "line": 43, "column": 16 }, "end": { "line": 45, "column": 17 } }
        ],
        "line": 43
      },
      "3": {
        "loc": { "start": { "line": 47, "column": 16 }, "end": { "line": 49, "column": 17 } },
        "type": "if",
        "locations": [
          { "start": { "line": 47, "column": 16 }, "end": { "line": 49, "column": 17 } },
          { "start": { "line": 47, "column": 16 }, "end": { "line": 49, "column": 17 } }
        ],
        "line": 47
      },
      "4": {
        "loc": { "start": { "line": 62, "column": 16 }, "end": { "line": 66, "column": 17 } },
        "type": "if",
        "locations": [
          { "start": { "line": 62, "column": 16 }, "end": { "line": 66, "column": 17 } },
          { "start": { "line": 62, "column": 16 }, "end": { "line": 66, "column": 17 } }
        ],
        "line": 62
      },
      "5": {
        "loc": { "start": { "line": 83, "column": 12 }, "end": { "line": 86, "column": 13 } },
        "type": "if",
        "locations": [
          { "start": { "line": 83, "column": 12 }, "end": { "line": 86, "column": 13 } },
          { "start": { "line": 83, "column": 12 }, "end": { "line": 86, "column": 13 } }
        ],
        "line": 83
      },
      "6": {
        "loc": { "start": { "line": 94, "column": 8 }, "end": { "line": 98, "column": 9 } },
        "type": "if",
        "locations": [
          { "start": { "line": 94, "column": 8 }, "end": { "line": 98, "column": 9 } },
          { "start": { "line": 94, "column": 8 }, "end": { "line": 98, "column": 9 } }
        ],
        "line": 94
      }
    },
    "s": {
      "0": 1,
      "1": 1,
      "2": 1,
      "3": 1,
      "4": 1,
      "5": 1,
      "6": 1,
      "7": 20,
      "8": 20,
      "9": 20,
      "10": 20,
      "11": 20,
      "12": 20,
      "13": 20,
      "14": 20,
      "15": 20,
      "16": 0,
      "17": 20,
      "18": 1,
      "19": 19,
      "20": 19,
      "21": 19,
      "22": 19,
      "23": 19,
      "24": 0,
      "25": 19,
      "26": 19,
      "27": 19,
      "28": 19,
      "29": 0,
      "30": 0,
      "31": 0,
      "32": 19,
      "33": 19,
      "34": 19,
      "35": 0,
      "36": 19
    },
    "f": { "0": 20, "1": 20, "2": 20, "3": 20, "4": 19, "5": 19, "6": 19, "7": 19, "8": 19, "9": 0, "10": 19 },
    "b": { "0": [20, 20], "1": [0, 20], "2": [0, 20], "3": [1, 19], "4": [0, 19], "5": [0, 0], "6": [19, 0] },
    "_coverageSchema": "1a1c01bbd47fc00a2c39e90264f33305004495a9",
    "hash": "93bede1602bfd10b31bc748813f90b465264ba9e",
    "contentHash": "fb75bc4f924cfe778545166a8c35841602479c6c49b665762410ca514690b55c"
  },
  "/home/francois/dev/projects/jhipster/generator-jhipster-kafka/generators/app/files.js": {
    "path": "/home/francois/dev/projects/jhipster/generator-jhipster-kafka/generators/app/files.js",
    "statementMap": {
      "0": { "start": { "line": 1, "column": 10 }, "end": { "line": 1, "column": 27 } },
      "1": { "start": { "line": 2, "column": 14 }, "end": { "line": 2, "column": 30 } },
      "2": { "start": { "line": 3, "column": 26 }, "end": { "line": 3, "column": 86 } },
      "3": { "start": { "line": 4, "column": 22 }, "end": { "line": 4, "column": 68 } },
      "4": { "start": { "line": 5, "column": 15 }, "end": { "line": 5, "column": 33 } },
      "5": { "start": { "line": 6, "column": 16 }, "end": { "line": 6, "column": 34 } },
      "6": { "start": { "line": 8, "column": 18 }, "end": { "line": 8, "column": 41 } },
      "7": { "start": { "line": 9, "column": 14 }, "end": { "line": 9, "column": 32 } },
      "8": { "start": { "line": 11, "column": 0 }, "end": { "line": 13, "column": 2 } },
      "9": { "start": { "line": 16, "column": 26 }, "end": { "line": 16, "column": 112 } },
      "10": { "start": { "line": 16, "column": 49 }, "end": { "line": 16, "column": 112 } },
      "11": { "start": { "line": 19, "column": 24 }, "end": { "line": 19, "column": 32 } },
      "12": { "start": { "line": 20, "column": 4 }, "end": { "line": 20, "column": 60 } },
      "13": { "start": { "line": 21, "column": 4 }, "end": { "line": 21, "column": 61 } },
      "14": { "start": { "line": 22, "column": 4 }, "end": { "line": 22, "column": 71 } },
      "15": { "start": { "line": 23, "column": 4 }, "end": { "line": 23, "column": 90 } },
      "16": { "start": { "line": 26, "column": 4 }, "end": { "line": 26, "column": 62 } },
      "17": { "start": { "line": 27, "column": 4 }, "end": { "line": 27, "column": 67 } },
      "18": { "start": { "line": 28, "column": 4 }, "end": { "line": 28, "column": 66 } },
      "19": { "start": { "line": 29, "column": 4 }, "end": { "line": 29, "column": 68 } },
      "20": { "start": { "line": 30, "column": 4 }, "end": { "line": 30, "column": 72 } },
      "21": { "start": { "line": 31, "column": 4 }, "end": { "line": 31, "column": 76 } },
      "22": { "start": { "line": 32, "column": 4 }, "end": { "line": 32, "column": 86 } },
      "23": { "start": { "line": 33, "column": 4 }, "end": { "line": 33, "column": 64 } },
      "24": { "start": { "line": 35, "column": 4 }, "end": { "line": 35, "column": 61 } },
      "25": { "start": { "line": 38, "column": 4 }, "end": { "line": 38, "column": 94 } },
      "26": { "start": { "line": 39, "column": 4 }, "end": { "line": 39, "column": 66 } },
      "27": { "start": { "line": 40, "column": 4 }, "end": { "line": 40, "column": 94 } },
      "28": { "start": { "line": 41, "column": 4 }, "end": { "line": 41, "column": 70 } },
      "29": { "start": { "line": 42, "column": 4 }, "end": { "line": 42, "column": 64 } },
      "30": { "start": { "line": 45, "column": 4 }, "end": { "line": 45, "column": 62 } },
      "31": { "start": { "line": 46, "column": 4 }, "end": { "line": 46, "column": 56 } },
      "32": { "start": { "line": 47, "column": 4 }, "end": { "line": 47, "column": 76 } },
      "33": { "start": { "line": 48, "column": 4 }, "end": { "line": 48, "column": 54 } },
      "34": { "start": { "line": 49, "column": 4 }, "end": { "line": 49, "column": 88 } },
      "35": { "start": { "line": 50, "column": 4 }, "end": { "line": 50, "column": 62 } },
      "36": { "start": { "line": 51, "column": 4 }, "end": { "line": 51, "column": 76 } },
      "37": { "start": { "line": 54, "column": 4 }, "end": { "line": 54, "column": 60 } },
      "38": { "start": { "line": 55, "column": 4 }, "end": { "line": 55, "column": 52 } },
      "39": { "start": { "line": 56, "column": 4 }, "end": { "line": 56, "column": 58 } },
      "40": { "start": { "line": 57, "column": 4 }, "end": { "line": 57, "column": 66 } },
      "41": { "start": { "line": 58, "column": 4 }, "end": { "line": 58, "column": 76 } },
      "42": { "start": { "line": 59, "column": 4 }, "end": { "line": 59, "column": 54 } },
      "43": { "start": { "line": 61, "column": 4 }, "end": { "line": 61, "column": 45 } },
      "44": { "start": { "line": 62, "column": 4 }, "end": { "line": 62, "column": 64 } },
      "45": { "start": { "line": 64, "column": 4 }, "end": { "line": 64, "column": 42 } },
      "46": { "start": { "line": 65, "column": 4 }, "end": { "line": 65, "column": 50 } },
      "47": { "start": { "line": 66, "column": 4 }, "end": { "line": 66, "column": 58 } },
      "48": { "start": { "line": 67, "column": 4 }, "end": { "line": 67, "column": 50 } },
      "49": { "start": { "line": 68, "column": 4 }, "end": { "line": 68, "column": 62 } },
      "50": { "start": { "line": 69, "column": 4 }, "end": { "line": 69, "column": 54 } },
      "51": { "start": { "line": 70, "column": 4 }, "end": { "line": 70, "column": 88 } },
      "52": { "start": { "line": 71, "column": 4 }, "end": { "line": 71, "column": 56 } },
      "53": { "start": { "line": 73, "column": 4 }, "end": { "line": 83, "column": 5 } },
      "54": { "start": { "line": 74, "column": 8 }, "end": { "line": 74, "column": 34 } },
      "55": { "start": { "line": 75, "column": 8 }, "end": { "line": 75, "column": 45 } },
      "56": { "start": { "line": 77, "column": 8 }, "end": { "line": 77, "column": 60 } },
      "57": { "start": { "line": 78, "column": 8 }, "end": { "line": 78, "column": 62 } },
      "58": { "start": { "line": 79, "column": 8 }, "end": { "line": 79, "column": 58 } },
      "59": { "start": { "line": 80, "column": 8 }, "end": { "line": 80, "column": 78 } },
      "60": { "start": { "line": 81, "column": 8 }, "end": { "line": 81, "column": 70 } },
      "61": { "start": { "line": 82, "column": 8 }, "end": { "line": 82, "column": 84 } },
      "62": { "start": { "line": 84, "column": 4 }, "end": { "line": 84, "column": 30 } },
      "63": { "start": { "line": 88, "column": 4 }, "end": { "line": 88, "column": 29 } },
      "64": { "start": { "line": 90, "column": 4 }, "end": { "line": 90, "column": 40 } },
      "65": { "start": { "line": 92, "column": 4 }, "end": { "line": 92, "column": 82 } },
      "66": { "start": { "line": 94, "column": 30 }, "end": { "line": 100, "column": 5 } },
      "67": { "start": { "line": 95, "column": 8 }, "end": { "line": 97, "column": 9 } },
      "68": { "start": { "line": 96, "column": 12 }, "end": { "line": 96, "column": 24 } },
      "69": { "start": { "line": 99, "column": 8 }, "end": { "line": 99, "column": 94 } },
      "70": { "start": { "line": 102, "column": 36 }, "end": { "line": 116, "column": 5 } },
      "71": { "start": { "line": 103, "column": 8 }, "end": { "line": 103, "column": 36 } },
      "72": { "start": { "line": 105, "column": 39 }, "end": { "line": 105, "column": 61 } },
      "73": { "start": { "line": 106, "column": 8 }, "end": { "line": 114, "column": 10 } },
      "74": { "start": { "line": 112, "column": 16 }, "end": { "line": 112, "column": 47 } },
      "75": { "start": { "line": 115, "column": 8 }, "end": { "line": 115, "column": 40 } },
      "76": { "start": { "line": 124, "column": 35 }, "end": { "line": 130, "column": 5 } },
      "77": { "start": { "line": 125, "column": 8 }, "end": { "line": 129, "column": 10 } },
      "78": { "start": { "line": 137, "column": 30 }, "end": { "line": 156, "column": 5 } },
      "79": { "start": { "line": 138, "column": 8 }, "end": { "line": 140, "column": 9 } },
      "80": { "start": { "line": 139, "column": 12 }, "end": { "line": 139, "column": 103 } },
      "81": { "start": { "line": 142, "column": 8 }, "end": { "line": 153, "column": 9 } },
      "82": { "start": { "line": 143, "column": 45 }, "end": { "line": 143, "column": 50 } },
      "83": { "start": { "line": 144, "column": 12 }, "end": { "line": 146, "column": 15 } },
      "84": { "start": { "line": 145, "column": 16 }, "end": { "line": 145, "column": 91 } },
      "85": { "start": { "line": 148, "column": 12 }, "end": { "line": 152, "column": 14 } },
      "86": { "start": { "line": 151, "column": 64 }, "end": { "line": 151, "column": 113 } },
      "87": { "start": { "line": 155, "column": 8 }, "end": { "line": 155, "column": 21 } },
      "88": { "start": { "line": 164, "column": 34 }, "end": { "line": 172, "column": 5 } },
      "89": { "start": { "line": 165, "column": 8 }, "end": { "line": 167, "column": 9 } },
      "90": { "start": { "line": 166, "column": 12 }, "end": { "line": 166, "column": 70 } },
      "91": { "start": { "line": 168, "column": 8 }, "end": { "line": 170, "column": 9 } },
      "92": { "start": { "line": 169, "column": 12 }, "end": { "line": 169, "column": 69 } },
      "93": { "start": { "line": 171, "column": 8 }, "end": { "line": 171, "column": 21 } },
      "94": { "start": { "line": 174, "column": 28 }, "end": { "line": 218, "column": 5 } },
      "95": { "start": { "line": 175, "column": 8 }, "end": { "line": 177, "column": 9 } },
      "96": { "start": { "line": 176, "column": 12 }, "end": { "line": 176, "column": 19 } },
      "97": { "start": { "line": 179, "column": 8 }, "end": { "line": 179, "column": 39 } },
      "98": { "start": { "line": 180, "column": 8 }, "end": { "line": 180, "column": 61 } },
      "99": { "start": { "line": 181, "column": 8 }, "end": { "line": 181, "column": 61 } },
      "100": { "start": { "line": 183, "column": 8 }, "end": { "line": 196, "column": 9 } },
      "101": { "start": { "line": 184, "column": 12 }, "end": { "line": 189, "column": 14 } },
      "102": { "start": { "line": 190, "column": 12 }, "end": { "line": 195, "column": 14 } },
      "103": { "start": { "line": 198, "column": 8 }, "end": { "line": 217, "column": 9 } },
      "104": { "start": { "line": 199, "column": 12 }, "end": { "line": 204, "column": 14 } },
      "105": { "start": { "line": 205, "column": 12 }, "end": { "line": 210, "column": 14 } },
      "106": { "start": { "line": 211, "column": 12 }, "end": { "line": 216, "column": 14 } },
      "107": { "start": { "line": 220, "column": 28 }, "end": { "line": 254, "column": 5 } },
      "108": { "start": { "line": 221, "column": 8 }, "end": { "line": 223, "column": 9 } },
      "109": { "start": { "line": 222, "column": 12 }, "end": { "line": 222, "column": 19 } },
      "110": { "start": { "line": 225, "column": 8 }, "end": { "line": 238, "column": 9 } },
      "111": { "start": { "line": 226, "column": 12 }, "end": { "line": 228, "column": 13 } },
      "112": { "start": { "line": 227, "column": 16 }, "end": { "line": 227, "column": 63 } },
      "113": { "start": { "line": 229, "column": 12 }, "end": { "line": 231, "column": 13 } },
      "114": { "start": { "line": 230, "column": 16 }, "end": { "line": 230, "column": 67 } },
      "115": { "start": { "line": 232, "column": 12 }, "end": { "line": 232, "column": 138 } },
      "116": { "start": { "line": 233, "column": 12 }, "end": { "line": 237, "column": 14 } },
      "117": { "start": { "line": 240, "column": 8 }, "end": { "line": 253, "column": 9 } },
      "118": { "start": { "line": 241, "column": 12 }, "end": { "line": 243, "column": 13 } },
      "119": { "start": { "line": 242, "column": 16 }, "end": { "line": 242, "column": 63 } },
      "120": { "start": { "line": 244, "column": 12 }, "end": { "line": 246, "column": 13 } },
      "121": { "start": { "line": 245, "column": 16 }, "end": { "line": 245, "column": 67 } },
      "122": { "start": { "line": 247, "column": 12 }, "end": { "line": 247, "column": 138 } },
      "123": { "start": { "line": 248, "column": 12 }, "end": { "line": 252, "column": 14 } },
      "124": { "start": { "line": 256, "column": 4 }, "end": { "line": 258, "column": 5 } },
      "125": { "start": { "line": 257, "column": 8 }, "end": { "line": 257, "column": 103 } },
      "126": { "start": { "line": 260, "column": 4 }, "end": { "line": 273, "column": 5 } },
      "127": { "start": { "line": 261, "column": 8 }, "end": { "line": 266, "column": 10 } },
      "128": { "start": { "line": 267, "column": 8 }, "end": { "line": 272, "column": 10 } },
      "129": { "start": { "line": 275, "column": 4 }, "end": { "line": 282, "column": 5 } },
      "130": { "start": { "line": 276, "column": 8 }, "end": { "line": 281, "column": 10 } },
      "131": { "start": { "line": 284, "column": 4 }, "end": { "line": 286, "column": 7 } },
      "132": { "start": { "line": 285, "column": 8 }, "end": { "line": 285, "column": 38 } },
      "133": { "start": { "line": 288, "column": 4 }, "end": { "line": 290, "column": 7 } },
      "134": { "start": { "line": 289, "column": 8 }, "end": { "line": 289, "column": 75 } },
      "135": { "start": { "line": 292, "column": 4 }, "end": { "line": 352, "column": 5 } },
      "136": { "start": { "line": 293, "column": 43 }, "end": { "line": 297, "column": 9 } },
      "137": { "start": { "line": 299, "column": 47 }, "end": { "line": 303, "column": 9 } },
      "138": { "start": { "line": 306, "column": 8 }, "end": { "line": 306, "column": 108 } },
      "139": { "start": { "line": 308, "column": 8 }, "end": { "line": 308, "column": 112 } },
      "140": { "start": { "line": 310, "column": 8 }, "end": { "line": 313, "column": 9 } },
      "141": { "start": { "line": 311, "column": 12 }, "end": { "line": 311, "column": 91 } },
      "142": { "start": { "line": 312, "column": 12 }, "end": { "line": 312, "column": 95 } },
      "143": { "start": { "line": 315, "column": 8 }, "end": { "line": 317, "column": 11 } },
      "144": { "start": { "line": 316, "column": 12 }, "end": { "line": 316, "column": 96 } },
      "145": { "start": { "line": 319, "column": 8 }, "end": { "line": 321, "column": 11 } },
      "146": { "start": { "line": 320, "column": 12 }, "end": { "line": 320, "column": 132 } },
      "147": { "start": { "line": 323, "column": 32 }, "end": { "line": 325, "column": 10 } },
      "148": { "start": { "line": 326, "column": 36 }, "end": { "line": 328, "column": 10 } },
      "149": { "start": { "line": 330, "column": 34 }, "end": { "line": 330, "column": 69 } },
      "150": { "start": { "line": 331, "column": 8 }, "end": { "line": 335, "column": 10 } },
      "151": { "start": { "line": 336, "column": 8 }, "end": { "line": 340, "column": 10 } },
      "152": { "start": { "line": 343, "column": 32 }, "end": { "line": 343, "column": 72 } },
      "153": { "start": { "line": 344, "column": 8 }, "end": { "line": 344, "column": 119 } },
      "154": { "start": { "line": 346, "column": 36 }, "end": { "line": 346, "column": 77 } },
      "155": { "start": { "line": 347, "column": 8 }, "end": { "line": 347, "column": 123 } },
      "156": { "start": { "line": 349, "column": 34 }, "end": { "line": 349, "column": 58 } },
      "157": { "start": { "line": 350, "column": 8 }, "end": { "line": 350, "column": 119 } },
      "158": { "start": { "line": 351, "column": 8 }, "end": { "line": 351, "column": 127 } },
      "159": { "start": { "line": 354, "column": 4 }, "end": { "line": 354, "column": 36 } },
      "160": { "start": { "line": 358, "column": 4 }, "end": { "line": 365, "column": 6 } },
      "161": { "start": { "line": 369, "column": 4 }, "end": { "line": 374, "column": 6 } },
      "162": { "start": { "line": 378, "column": 41 }, "end": { "line": 378, "column": 74 } },
      "163": { "start": { "line": 380, "column": 38 }, "end": { "line": 380, "column": 65 } },
      "164": { "start": { "line": 381, "column": 4 }, "end": { "line": 381, "column": 128 } },
      "165": { "start": { "line": 385, "column": 4 }, "end": { "line": 385, "column": 61 } },
      "166": { "start": { "line": 386, "column": 4 }, "end": { "line": 386, "column": 91 } },
      "167": { "start": { "line": 387, "column": 4 }, "end": { "line": 387, "column": 67 } },
      "168": { "start": { "line": 388, "column": 4 }, "end": { "line": 388, "column": 59 } },
      "169": { "start": { "line": 389, "column": 4 }, "end": { "line": 389, "column": 52 } },
      "170": { "start": { "line": 391, "column": 4 }, "end": { "line": 391, "column": 60 } },
      "171": { "start": { "line": 392, "column": 4 }, "end": { "line": 392, "column": 88 } },
      "172": { "start": { "line": 393, "column": 4 }, "end": { "line": 393, "column": 66 } },
      "173": { "start": { "line": 394, "column": 4 }, "end": { "line": 394, "column": 58 } },
      "174": { "start": { "line": 395, "column": 4 }, "end": { "line": 395, "column": 56 } },
      "175": { "start": { "line": 397, "column": 4 }, "end": { "line": 397, "column": 126 } },
      "176": { "start": { "line": 400, "column": 4 }, "end": { "line": 400, "column": 43 } },
      "177": { "start": { "line": 404, "column": 4 }, "end": { "line": 414, "column": 5 } },
      "178": { "start": { "line": 405, "column": 8 }, "end": { "line": 411, "column": 10 } },
      "179": { "start": { "line": 413, "column": 8 }, "end": { "line": 413, "column": 119 } },
      "180": { "start": { "line": 418, "column": 4 }, "end": { "line": 418, "column": 118 } },
      "181": { "start": { "line": 419, "column": 4 }, "end": { "line": 419, "column": 120 } },
      "182": { "start": { "line": 423, "column": 23 }, "end": { "line": 423, "column": 68 } },
      "183": { "start": { "line": 425, "column": 41 }, "end": { "line": 425, "column": 75 } },
      "184": { "start": { "line": 426, "column": 34 }, "end": { "line": 426, "column": 79 } },
      "185": { "start": { "line": 427, "column": 4 }, "end": { "line": 427, "column": 94 } },
      "186": { "start": { "line": 429, "column": 44 }, "end": { "line": 429, "column": 82 } },
      "187": { "start": { "line": 430, "column": 37 }, "end": { "line": 430, "column": 129 } },
      "188": { "start": { "line": 431, "column": 4 }, "end": { "line": 431, "column": 100 } }
    },
    "fnMap": {
      "0": {
        "name": "(anonymous_0)",
        "decl": { "start": { "line": 16, "column": 26 }, "end": { "line": 16, "column": 27 } },
        "loc": { "start": { "line": 16, "column": 49 }, "end": { "line": 16, "column": 112 } },
        "line": 16
      },
      "1": {
        "name": "initVariables",
        "decl": { "start": { "line": 18, "column": 9 }, "end": { "line": 18, "column": 22 } },
        "loc": { "start": { "line": 18, "column": 34 }, "end": { "line": 85, "column": 1 } },
        "line": 18
      },
      "2": {
        "name": "writeFiles",
        "decl": { "start": { "line": 87, "column": 9 }, "end": { "line": 87, "column": 19 } },
        "loc": { "start": { "line": 87, "column": 31 }, "end": { "line": 355, "column": 1 } },
        "line": 87
      },
      "3": {
        "name": "(anonymous_3)",
        "decl": { "start": { "line": 94, "column": 30 }, "end": { "line": 94, "column": 31 } },
        "loc": { "start": { "line": 94, "column": 36 }, "end": { "line": 100, "column": 5 } },
        "line": 94
      },
      "4": {
        "name": "(anonymous_4)",
        "decl": { "start": { "line": 102, "column": 36 }, "end": { "line": 102, "column": 37 } },
        "loc": { "start": { "line": 102, "column": 60 }, "end": { "line": 116, "column": 5 } },
        "line": 102
      },
      "5": {
        "name": "(anonymous_5)",
        "decl": { "start": { "line": 111, "column": 12 }, "end": { "line": 111, "column": 13 } },
        "loc": { "start": { "line": 111, "column": 19 }, "end": { "line": 113, "column": 13 } },
        "line": 111
      },
      "6": {
        "name": "(anonymous_6)",
        "decl": { "start": { "line": 124, "column": 35 }, "end": { "line": 124, "column": 36 } },
        "loc": { "start": { "line": 124, "column": 66 }, "end": { "line": 130, "column": 5 } },
        "line": 124
      },
      "7": {
        "name": "(anonymous_7)",
        "decl": { "start": { "line": 137, "column": 30 }, "end": { "line": 137, "column": 31 } },
        "loc": { "start": { "line": 137, "column": 47 }, "end": { "line": 156, "column": 5 } },
        "line": 137
      },
      "8": {
        "name": "(anonymous_8)",
        "decl": { "start": { "line": 144, "column": 55 }, "end": { "line": 144, "column": 56 } },
        "loc": { "start": { "line": 144, "column": 65 }, "end": { "line": 146, "column": 13 } },
        "line": 144
      },
      "9": {
        "name": "(anonymous_9)",
        "decl": { "start": { "line": 151, "column": 50 }, "end": { "line": 151, "column": 51 } },
        "loc": { "start": { "line": 151, "column": 64 }, "end": { "line": 151, "column": 113 } },
        "line": 151
      },
      "10": {
        "name": "(anonymous_10)",
        "decl": { "start": { "line": 164, "column": 34 }, "end": { "line": 164, "column": 35 } },
        "loc": { "start": { "line": 164, "column": 65 }, "end": { "line": 172, "column": 5 } },
        "line": 164
      },
      "11": {
        "name": "(anonymous_11)",
        "decl": { "start": { "line": 174, "column": 28 }, "end": { "line": 174, "column": 29 } },
        "loc": { "start": { "line": 174, "column": 57 }, "end": { "line": 218, "column": 5 } },
        "line": 174
      },
      "12": {
        "name": "(anonymous_12)",
        "decl": { "start": { "line": 220, "column": 28 }, "end": { "line": 220, "column": 29 } },
        "loc": { "start": { "line": 220, "column": 100 }, "end": { "line": 254, "column": 5 } },
        "line": 220
      },
      "13": {
        "name": "(anonymous_13)",
        "decl": { "start": { "line": 284, "column": 31 }, "end": { "line": 284, "column": 32 } },
        "loc": { "start": { "line": 284, "column": 41 }, "end": { "line": 286, "column": 5 } },
        "line": 284
      },
      "14": {
        "name": "(anonymous_14)",
        "decl": { "start": { "line": 288, "column": 41 }, "end": { "line": 288, "column": 42 } },
        "loc": { "start": { "line": 288, "column": 51 }, "end": { "line": 290, "column": 5 } },
        "line": 288
      },
      "15": {
        "name": "(anonymous_15)",
        "decl": { "start": { "line": 315, "column": 35 }, "end": { "line": 315, "column": 36 } },
        "loc": { "start": { "line": 315, "column": 45 }, "end": { "line": 317, "column": 9 } },
        "line": 315
      },
      "16": {
        "name": "(anonymous_16)",
        "decl": { "start": { "line": 319, "column": 45 }, "end": { "line": 319, "column": 46 } },
        "loc": { "start": { "line": 319, "column": 55 }, "end": { "line": 321, "column": 9 } },
        "line": 319
      },
      "17": {
        "name": "buildJsonConsumerConfiguration",
        "decl": { "start": { "line": 357, "column": 9 }, "end": { "line": 357, "column": 39 } },
        "loc": { "start": { "line": 357, "column": 68 }, "end": { "line": 366, "column": 1 } },
        "line": 357
      },
      "18": {
        "name": "buildJsonProducerConfiguration",
        "decl": { "start": { "line": 368, "column": 9 }, "end": { "line": 368, "column": 39 } },
        "loc": { "start": { "line": 368, "column": 68 }, "end": { "line": 375, "column": 1 } },
        "line": 368
      },
      "19": {
        "name": "sanitizeProperties",
        "decl": { "start": { "line": 376, "column": 9 }, "end": { "line": 376, "column": 27 } },
        "loc": { "start": { "line": 376, "column": 55 }, "end": { "line": 382, "column": 1 } },
        "line": 376
      },
      "20": {
        "name": "writeKafkaDockerYaml",
        "decl": { "start": { "line": 384, "column": 9 }, "end": { "line": 384, "column": 29 } },
        "loc": { "start": { "line": 384, "column": 41 }, "end": { "line": 401, "column": 1 } },
        "line": 384
      },
      "21": {
        "name": "registerToEntityPostHook",
        "decl": { "start": { "line": 403, "column": 9 }, "end": { "line": 403, "column": 33 } },
        "loc": { "start": { "line": 403, "column": 45 }, "end": { "line": 415, "column": 1 } },
        "line": 403
      },
      "22": {
        "name": "cleanMainGeneratorKafkaFiles",
        "decl": { "start": { "line": 417, "column": 9 }, "end": { "line": 417, "column": 37 } },
        "loc": { "start": { "line": 417, "column": 67 }, "end": { "line": 420, "column": 1 } },
        "line": 417
      },
      "23": {
        "name": "overrideMainGeneratorAppYml",
        "decl": { "start": { "line": 422, "column": 9 }, "end": { "line": 422, "column": 36 } },
        "loc": { "start": { "line": 422, "column": 48 }, "end": { "line": 432, "column": 1 } },
        "line": 422
      }
    },
    "branchMap": {
      "0": {
        "loc": { "start": { "line": 46, "column": 25 }, "end": { "line": 46, "column": 55 } },
        "type": "binary-expr",
        "locations": [
          { "start": { "line": 46, "column": 25 }, "end": { "line": 46, "column": 49 } },
          { "start": { "line": 46, "column": 53 }, "end": { "line": 46, "column": 55 } }
        ],
        "line": 46
      },
      "1": {
        "loc": { "start": { "line": 47, "column": 35 }, "end": { "line": 47, "column": 75 } },
        "type": "binary-expr",
        "locations": [
          { "start": { "line": 47, "column": 35 }, "end": { "line": 47, "column": 69 } },
          { "start": { "line": 47, "column": 73 }, "end": { "line": 47, "column": 75 } }
        ],
        "line": 47
      },
      "2": {
        "loc": { "start": { "line": 49, "column": 41 }, "end": { "line": 49, "column": 87 } },
        "type": "binary-expr",
        "locations": [
          { "start": { "line": 49, "column": 41 }, "end": { "line": 49, "column": 81 } },
          { "start": { "line": 49, "column": 85 }, "end": { "line": 49, "column": 87 } }
        ],
        "line": 49
      },
      "3": {
        "loc": { "start": { "line": 73, "column": 4 }, "end": { "line": 83, "column": 5 } },
        "type": "if",
        "locations": [
          { "start": { "line": 73, "column": 4 }, "end": { "line": 83, "column": 5 } },
          { "start": { "line": 73, "column": 4 }, "end": { "line": 83, "column": 5 } }
        ],
        "line": 73
      },
      "4": {
        "loc": { "start": { "line": 95, "column": 8 }, "end": { "line": 97, "column": 9 } },
        "type": "if",
        "locations": [
          { "start": { "line": 95, "column": 8 }, "end": { "line": 97, "column": 9 } },
          { "start": { "line": 95, "column": 8 }, "end": { "line": 97, "column": 9 } }
        ],
        "line": 95
      },
      "5": {
        "loc": { "start": { "line": 126, "column": 12 }, "end": { "line": 128, "column": 88 } },
        "type": "binary-expr",
        "locations": [
          { "start": { "line": 126, "column": 12 }, "end": { "line": 126, "column": 52 } },
          { "start": { "line": 127, "column": 12 }, "end": { "line": 127, "column": 64 } },
          { "start": { "line": 128, "column": 12 }, "end": { "line": 128, "column": 88 } }
        ],
        "line": 126
      },
      "6": {
        "loc": { "start": { "line": 138, "column": 8 }, "end": { "line": 140, "column": 9 } },
        "type": "if",
        "locations": [
          { "start": { "line": 138, "column": 8 }, "end": { "line": 140, "column": 9 } },
          { "start": { "line": 138, "column": 8 }, "end": { "line": 140, "column": 9 } }
        ],
        "line": 138
      },
      "7": {
        "loc": { "start": { "line": 139, "column": 19 }, "end": { "line": 139, "column": 102 } },
        "type": "binary-expr",
        "locations": [
          { "start": { "line": 139, "column": 19 }, "end": { "line": 139, "column": 69 } },
          { "start": { "line": 139, "column": 73 }, "end": { "line": 139, "column": 102 } }
        ],
        "line": 139
      },
      "8": {
        "loc": { "start": { "line": 142, "column": 8 }, "end": { "line": 153, "column": 9 } },
        "type": "if",
        "locations": [
          { "start": { "line": 142, "column": 8 }, "end": { "line": 153, "column": 9 } },
          { "start": { "line": 142, "column": 8 }, "end": { "line": 153, "column": 9 } }
        ],
        "line": 142
      },
      "9": {
        "loc": { "start": { "line": 149, "column": 16 }, "end": { "line": 151, "column": 115 } },
        "type": "binary-expr",
        "locations": [
          { "start": { "line": 149, "column": 16 }, "end": { "line": 149, "column": 42 } },
          { "start": { "line": 150, "column": 17 }, "end": { "line": 150, "column": 52 } },
          { "start": { "line": 151, "column": 20 }, "end": { "line": 151, "column": 114 } }
        ],
        "line": 149
      },
      "10": {
        "loc": { "start": { "line": 165, "column": 8 }, "end": { "line": 167, "column": 9 } },
        "type": "if",
        "locations": [
          { "start": { "line": 165, "column": 8 }, "end": { "line": 167, "column": 9 } },
          { "start": { "line": 165, "column": 8 }, "end": { "line": 167, "column": 9 } }
        ],
        "line": 165
      },
      "11": {
        "loc": { "start": { "line": 168, "column": 8 }, "end": { "line": 170, "column": 9 } },
        "type": "if",
        "locations": [
          { "start": { "line": 168, "column": 8 }, "end": { "line": 170, "column": 9 } },
          { "start": { "line": 168, "column": 8 }, "end": { "line": 170, "column": 9 } }
        ],
        "line": 168
      },
      "12": {
        "loc": { "start": { "line": 175, "column": 8 }, "end": { "line": 177, "column": 9 } },
        "type": "if",
        "locations": [
          { "start": { "line": 175, "column": 8 }, "end": { "line": 177, "column": 9 } },
          { "start": { "line": 175, "column": 8 }, "end": { "line": 177, "column": 9 } }
        ],
        "line": 175
      },
      "13": {
        "loc": { "start": { "line": 181, "column": 25 }, "end": { "line": 181, "column": 60 } },
        "type": "cond-expr",
        "locations": [
          { "start": { "line": 181, "column": 43 }, "end": { "line": 181, "column": 49 } },
          { "start": { "line": 181, "column": 52 }, "end": { "line": 181, "column": 60 } }
        ],
        "line": 181
      },
      "14": {
        "loc": { "start": { "line": 183, "column": 8 }, "end": { "line": 196, "column": 9 } },
        "type": "if",
        "locations": [
          { "start": { "line": 183, "column": 8 }, "end": { "line": 196, "column": 9 } },
          { "start": { "line": 183, "column": 8 }, "end": { "line": 196, "column": 9 } }
        ],
        "line": 183
      },
      "15": {
        "loc": { "start": { "line": 198, "column": 8 }, "end": { "line": 217, "column": 9 } },
        "type": "if",
        "locations": [
          { "start": { "line": 198, "column": 8 }, "end": { "line": 217, "column": 9 } },
          { "start": { "line": 198, "column": 8 }, "end": { "line": 217, "column": 9 } }
        ],
        "line": 198
      },
      "16": {
        "loc": { "start": { "line": 221, "column": 8 }, "end": { "line": 223, "column": 9 } },
        "type": "if",
        "locations": [
          { "start": { "line": 221, "column": 8 }, "end": { "line": 223, "column": 9 } },
          { "start": { "line": 221, "column": 8 }, "end": { "line": 223, "column": 9 } }
        ],
        "line": 221
      },
      "17": {
        "loc": { "start": { "line": 225, "column": 8 }, "end": { "line": 238, "column": 9 } },
        "type": "if",
        "locations": [
          { "start": { "line": 225, "column": 8 }, "end": { "line": 238, "column": 9 } },
          { "start": { "line": 225, "column": 8 }, "end": { "line": 238, "column": 9 } }
        ],
        "line": 225
      },
      "18": {
        "loc": { "start": { "line": 226, "column": 12 }, "end": { "line": 228, "column": 13 } },
        "type": "if",
        "locations": [
          { "start": { "line": 226, "column": 12 }, "end": { "line": 228, "column": 13 } },
          { "start": { "line": 226, "column": 12 }, "end": { "line": 228, "column": 13 } }
        ],
        "line": 226
      },
      "19": {
        "loc": { "start": { "line": 229, "column": 12 }, "end": { "line": 231, "column": 13 } },
        "type": "if",
        "locations": [
          { "start": { "line": 229, "column": 12 }, "end": { "line": 231, "column": 13 } },
          { "start": { "line": 229, "column": 12 }, "end": { "line": 231, "column": 13 } }
        ],
        "line": 229
      },
      "20": {
        "loc": { "start": { "line": 240, "column": 8 }, "end": { "line": 253, "column": 9 } },
        "type": "if",
        "locations": [
          { "start": { "line": 240, "column": 8 }, "end": { "line": 253, "column": 9 } },
          { "start": { "line": 240, "column": 8 }, "end": { "line": 253, "column": 9 } }
        ],
        "line": 240
      },
      "21": {
        "loc": { "start": { "line": 241, "column": 12 }, "end": { "line": 243, "column": 13 } },
        "type": "if",
        "locations": [
          { "start": { "line": 241, "column": 12 }, "end": { "line": 243, "column": 13 } },
          { "start": { "line": 241, "column": 12 }, "end": { "line": 243, "column": 13 } }
        ],
        "line": 241
      },
      "22": {
        "loc": { "start": { "line": 244, "column": 12 }, "end": { "line": 246, "column": 13 } },
        "type": "if",
        "locations": [
          { "start": { "line": 244, "column": 12 }, "end": { "line": 246, "column": 13 } },
          { "start": { "line": 244, "column": 12 }, "end": { "line": 246, "column": 13 } }
        ],
        "line": 244
      },
      "23": {
        "loc": { "start": { "line": 256, "column": 4 }, "end": { "line": 258, "column": 5 } },
        "type": "if",
        "locations": [
          { "start": { "line": 256, "column": 4 }, "end": { "line": 258, "column": 5 } },
          { "start": { "line": 256, "column": 4 }, "end": { "line": 258, "column": 5 } }
        ],
        "line": 256
      },
      "24": {
        "loc": { "start": { "line": 260, "column": 4 }, "end": { "line": 273, "column": 5 } },
        "type": "if",
        "locations": [
          { "start": { "line": 260, "column": 4 }, "end": { "line": 273, "column": 5 } },
          { "start": { "line": 260, "column": 4 }, "end": { "line": 273, "column": 5 } }
        ],
        "line": 260
      },
      "25": {
        "loc": { "start": { "line": 260, "column": 8 }, "end": { "line": 260, "column": 92 } },
        "type": "binary-expr",
        "locations": [
          { "start": { "line": 260, "column": 8 }, "end": { "line": 260, "column": 41 } },
          { "start": { "line": 260, "column": 45 }, "end": { "line": 260, "column": 92 } }
        ],
        "line": 260
      },
      "26": {
        "loc": { "start": { "line": 275, "column": 4 }, "end": { "line": 282, "column": 5 } },
        "type": "if",
        "locations": [
          { "start": { "line": 275, "column": 4 }, "end": { "line": 282, "column": 5 } },
          { "start": { "line": 275, "column": 4 }, "end": { "line": 282, "column": 5 } }
        ],
        "line": 275
      },
      "27": {
        "loc": { "start": { "line": 275, "column": 8 }, "end": { "line": 275, "column": 106 } },
        "type": "binary-expr",
        "locations": [
          { "start": { "line": 275, "column": 8 }, "end": { "line": 275, "column": 55 } },
          { "start": { "line": 275, "column": 59 }, "end": { "line": 275, "column": 106 } }
        ],
        "line": 275
      },
      "28": {
        "loc": { "start": { "line": 292, "column": 4 }, "end": { "line": 352, "column": 5 } },
        "type": "if",
        "locations": [
          { "start": { "line": 292, "column": 4 }, "end": { "line": 352, "column": 5 } },
          { "start": { "line": 292, "column": 4 }, "end": { "line": 352, "column": 5 } }
        ],
        "line": 292
      },
      "29": {
        "loc": { "start": { "line": 310, "column": 8 }, "end": { "line": 313, "column": 9 } },
        "type": "if",
        "locations": [
          { "start": { "line": 310, "column": 8 }, "end": { "line": 313, "column": 9 } },
          { "start": { "line": 310, "column": 8 }, "end": { "line": 313, "column": 9 } }
        ],
        "line": 310
      }
    },
    "s": {
      "0": 1,
      "1": 1,
      "2": 1,
      "3": 1,
      "4": 1,
      "5": 1,
      "6": 1,
      "7": 1,
      "8": 1,
      "9": 1,
      "10": 38,
      "11": 19,
      "12": 19,
      "13": 19,
      "14": 19,
      "15": 19,
      "16": 19,
      "17": 19,
      "18": 19,
      "19": 19,
      "20": 19,
      "21": 19,
      "22": 19,
      "23": 19,
      "24": 19,
      "25": 19,
      "26": 19,
      "27": 19,
      "28": 19,
      "29": 19,
      "30": 19,
      "31": 19,
      "32": 19,
      "33": 19,
      "34": 19,
      "35": 19,
      "36": 19,
      "37": 19,
      "38": 19,
      "39": 19,
      "40": 19,
      "41": 19,
      "42": 19,
      "43": 19,
      "44": 19,
      "45": 19,
      "46": 19,
      "47": 19,
      "48": 19,
      "49": 19,
      "50": 19,
      "51": 19,
      "52": 19,
      "53": 19,
      "54": 1,
      "55": 1,
      "56": 18,
      "57": 18,
      "58": 18,
      "59": 18,
      "60": 18,
      "61": 18,
      "62": 19,
      "63": 19,
      "64": 19,
      "65": 19,
      "66": 19,
      "67": 26,
      "68": 14,
      "69": 12,
      "70": 19,
      "71": 12,
      "72": 12,
      "73": 12,
      "74": 12,
      "75": 12,
      "76": 19,
      "77": 83,
      "78": 19,
      "79": 41,
      "80": 10,
      "81": 31,
      "82": 29,
      "83": 29,
      "84": 11,
      "85": 29,
      "86": 20,
      "87": 2,
      "88": 19,
      "89": 64,
      "90": 12,
      "91": 52,
      "92": 52,
      "93": 0,
      "94": 19,
      "95": 26,
      "96": 7,
      "97": 19,
      "98": 19,
      "99": 19,
      "100": 19,
      "101": 16,
      "102": 16,
      "103": 19,
      "104": 15,
      "105": 15,
      "106": 15,
      "107": 19,
      "108": 18,
      "109": 5,
      "110": 13,
      "111": 10,
      "112": 6,
      "113": 10,
      "114": 6,
      "115": 10,
      "116": 10,
      "117": 13,
      "118": 9,
      "119": 5,
      "120": 9,
      "121": 5,
      "122": 9,
      "123": 9,
      "124": 19,
      "125": 5,
      "126": 19,
      "127": 16,
      "128": 16,
      "129": 19,
      "130": 18,
      "131": 19,
      "132": 19,
      "133": 19,
      "134": 7,
      "135": 19,
      "136": 13,
      "137": 13,
      "138": 13,
      "139": 13,
      "140": 13,
      "141": 10,
      "142": 10,
      "143": 13,
      "144": 13,
      "145": 13,
      "146": 5,
      "147": 13,
      "148": 13,
      "149": 13,
      "150": 13,
      "151": 13,
      "152": 6,
      "153": 6,
      "154": 6,
      "155": 6,
      "156": 6,
      "157": 6,
      "158": 6,
      "159": 19,
      "160": 20,
      "161": 18,
      "162": 26,
      "163": 26,
      "164": 26,
      "165": 19,
      "166": 19,
      "167": 19,
      "168": 19,
      "169": 19,
      "170": 19,
      "171": 19,
      "172": 19,
      "173": 19,
      "174": 19,
      "175": 19,
      "176": 19,
      "177": 19,
      "178": 19,
      "179": 0,
      "180": 19,
      "181": 19,
      "182": 19,
      "183": 19,
      "184": 19,
      "185": 19,
      "186": 19,
      "187": 19,
      "188": 19
    },
    "f": {
      "0": 38,
      "1": 19,
      "2": 19,
      "3": 26,
      "4": 12,
      "5": 12,
      "6": 83,
      "7": 41,
      "8": 11,
      "9": 20,
      "10": 64,
      "11": 26,
      "12": 18,
      "13": 19,
      "14": 7,
      "15": 13,
      "16": 5,
      "17": 20,
      "18": 18,
      "19": 26,
      "20": 19,
      "21": 19,
      "22": 19,
      "23": 19
    },
    "b": {
      "0": [19, 0],
      "1": [19, 0],
      "2": [19, 0],
      "3": [1, 18],
      "4": [14, 12],
      "5": [83, 83, 81],
      "6": [10, 31],
      "7": [10, 10],
      "8": [29, 2],
      "9": [29, 20, 20],
      "10": [12, 52],
      "11": [52, 0],
      "12": [7, 19],
      "13": [12, 7],
      "14": [16, 3],
      "15": [15, 4],
      "16": [5, 13],
      "17": [10, 3],
      "18": [6, 4],
      "19": [6, 4],
      "20": [9, 4],
      "21": [5, 4],
      "22": [5, 4],
      "23": [5, 14],
      "24": [16, 3],
      "25": [19, 18],
      "26": [18, 1],
      "27": [19, 4],
      "28": [13, 6],
      "29": [10, 3]
    },
    "_coverageSchema": "1a1c01bbd47fc00a2c39e90264f33305004495a9",
    "hash": "3a748a439ff31fb98d24624396609afa26f4e9ea",
    "contentHash": "71926870beecd58f1ad777919cfed95e053401053081670a08f628f76c87ef0e"
  },
  "/home/francois/dev/projects/jhipster/generator-jhipster-kafka/generators/app/utils.js": {
    "path": "/home/francois/dev/projects/jhipster/generator-jhipster-kafka/generators/app/utils.js",
    "statementMap": {
      "0": { "start": { "line": 1, "column": 10 }, "end": { "line": 1, "column": 27 } },
      "1": { "start": { "line": 2, "column": 14 }, "end": { "line": 2, "column": 30 } },
      "2": { "start": { "line": 3, "column": 11 }, "end": { "line": 3, "column": 24 } },
      "3": { "start": { "line": 4, "column": 15 }, "end": { "line": 4, "column": 33 } },
      "4": { "start": { "line": 6, "column": 0 }, "end": { "line": 11, "column": 2 } },
      "5": { "start": { "line": 14, "column": 4 }, "end": { "line": 14, "column": 49 } },
      "6": { "start": { "line": 18, "column": 4 }, "end": { "line": 27, "column": 5 } },
      "7": { "start": { "line": 19, "column": 8 }, "end": { "line": 19, "column": 84 } },
      "8": { "start": { "line": 21, "column": 8 }, "end": { "line": 26, "column": 10 } },
      "9": { "start": { "line": 28, "column": 4 }, "end": { "line": 28, "column": 14 } },
      "10": { "start": { "line": 41, "column": 40 }, "end": { "line": 41, "column": 99 } },
      "11": { "start": { "line": 42, "column": 4 }, "end": { "line": 44, "column": 5 } },
      "12": { "start": { "line": 43, "column": 8 }, "end": { "line": 43, "column": 60 } },
      "13": { "start": { "line": 45, "column": 4 }, "end": { "line": 47, "column": 6 } },
      "14": { "start": { "line": 57, "column": 29 }, "end": { "line": 57, "column": 31 } },
      "15": { "start": { "line": 58, "column": 4 }, "end": { "line": 62, "column": 5 } },
      "16": { "start": { "line": 59, "column": 8 }, "end": { "line": 61, "column": 11 } },
      "17": { "start": { "line": 60, "column": 12 }, "end": { "line": 60, "column": 74 } },
      "18": { "start": { "line": 63, "column": 4 }, "end": { "line": 63, "column": 28 } },
      "19": { "start": { "line": 72, "column": 29 }, "end": { "line": 72, "column": 31 } },
      "20": { "start": { "line": 73, "column": 4 }, "end": { "line": 77, "column": 5 } },
      "21": { "start": { "line": 74, "column": 8 }, "end": { "line": 76, "column": 11 } },
      "22": { "start": { "line": 75, "column": 12 }, "end": { "line": 75, "column": 74 } },
      "23": { "start": { "line": 78, "column": 4 }, "end": { "line": 78, "column": 28 } },
      "24": { "start": { "line": 87, "column": 4 }, "end": { "line": 90, "column": 6 } },
      "25": { "start": { "line": 94, "column": 4 }, "end": { "line": 96, "column": 5 } },
      "26": { "start": { "line": 95, "column": 8 }, "end": { "line": 95, "column": 18 } },
      "27": { "start": { "line": 97, "column": 35 }, "end": { "line": 97, "column": 48 } },
      "28": { "start": { "line": 99, "column": 4 }, "end": { "line": 113, "column": 11 } },
      "29": { "start": { "line": 102, "column": 12 }, "end": { "line": 104, "column": 13 } },
      "30": { "start": { "line": 103, "column": 16 }, "end": { "line": 103, "column": 25 } },
      "31": { "start": { "line": 105, "column": 12 }, "end": { "line": 107, "column": 13 } },
      "32": { "start": { "line": 106, "column": 16 }, "end": { "line": 106, "column": 26 } },
      "33": { "start": { "line": 109, "column": 12 }, "end": { "line": 109, "column": 44 } },
      "34": { "start": { "line": 112, "column": 12 }, "end": { "line": 112, "column": 76 } },
      "35": { "start": { "line": 115, "column": 4 }, "end": { "line": 115, "column": 34 } }
    },
    "fnMap": {
      "0": {
        "name": "transformToJavaClassNameCase",
        "decl": { "start": { "line": 13, "column": 9 }, "end": { "line": 13, "column": 37 } },
        "loc": { "start": { "line": 13, "column": 50 }, "end": { "line": 15, "column": 1 } },
        "line": 13
      },
      "1": {
        "name": "loadPreviousConfiguration",
        "decl": { "start": { "line": 17, "column": 9 }, "end": { "line": 17, "column": 34 } },
        "loc": { "start": { "line": 17, "column": 69 }, "end": { "line": 29, "column": 1 } },
        "line": 17
      },
      "2": {
        "name": "getPreviousKafkaConfiguration",
        "decl": { "start": { "line": 40, "column": 9 }, "end": { "line": 40, "column": 38 } },
        "loc": { "start": { "line": 40, "column": 106 }, "end": { "line": 48, "column": 1 } },
        "line": 40
      },
      "3": {
        "name": "extractConsumerEntitiesName",
        "decl": { "start": { "line": 56, "column": 9 }, "end": { "line": 56, "column": 36 } },
        "loc": { "start": { "line": 56, "column": 65 }, "end": { "line": 64, "column": 1 } },
        "line": 56
      },
      "4": {
        "name": "(anonymous_4)",
        "decl": { "start": { "line": 59, "column": 65 }, "end": { "line": 59, "column": 66 } },
        "loc": { "start": { "line": 59, "column": 72 }, "end": { "line": 61, "column": 9 } },
        "line": 59
      },
      "5": {
        "name": "extractProducerEntitiesName",
        "decl": { "start": { "line": 71, "column": 9 }, "end": { "line": 71, "column": 36 } },
        "loc": { "start": { "line": 71, "column": 65 }, "end": { "line": 79, "column": 1 } },
        "line": 71
      },
      "6": {
        "name": "(anonymous_6)",
        "decl": { "start": { "line": 74, "column": 65 }, "end": { "line": 74, "column": 66 } },
        "loc": { "start": { "line": 74, "column": 72 }, "end": { "line": 76, "column": 9 } },
        "line": 74
      },
      "7": {
        "name": "extractEntitiesComponents",
        "decl": { "start": { "line": 86, "column": 9 }, "end": { "line": 86, "column": 34 } },
        "loc": { "start": { "line": 86, "column": 63 }, "end": { "line": 91, "column": 1 } },
        "line": 86
      },
      "8": {
        "name": "orderKafkaProperties",
        "decl": { "start": { "line": 93, "column": 9 }, "end": { "line": 93, "column": 29 } },
        "loc": { "start": { "line": 93, "column": 47 }, "end": { "line": 116, "column": 1 } },
        "line": 93
      },
      "9": {
        "name": "(anonymous_9)",
        "decl": { "start": { "line": 100, "column": 14 }, "end": { "line": 100, "column": 15 } },
        "loc": { "start": { "line": 100, "column": 24 }, "end": { "line": 110, "column": 9 } },
        "line": 100
      },
      "10": {
        "name": "(anonymous_10)",
        "decl": { "start": { "line": 111, "column": 17 }, "end": { "line": 111, "column": 18 } },
        "loc": { "start": { "line": 111, "column": 33 }, "end": { "line": 113, "column": 9 } },
        "line": 111
      }
    },
    "branchMap": {
      "0": {
        "loc": { "start": { "line": 40, "column": 73 }, "end": { "line": 40, "column": 104 } },
        "type": "default-arg",
        "locations": [{ "start": { "line": 40, "column": 99 }, "end": { "line": 40, "column": 104 } }],
        "line": 40
      },
      "1": {
        "loc": { "start": { "line": 42, "column": 4 }, "end": { "line": 44, "column": 5 } },
        "type": "if",
        "locations": [
          { "start": { "line": 42, "column": 4 }, "end": { "line": 44, "column": 5 } },
          { "start": { "line": 42, "column": 4 }, "end": { "line": 44, "column": 5 } }
        ],
        "line": 42
      },
      "2": {
        "loc": { "start": { "line": 42, "column": 8 }, "end": { "line": 42, "column": 69 } },
        "type": "binary-expr",
        "locations": [
          { "start": { "line": 42, "column": 8 }, "end": { "line": 42, "column": 41 } },
          { "start": { "line": 42, "column": 45 }, "end": { "line": 42, "column": 69 } }
        ],
        "line": 42
      },
      "3": {
        "loc": { "start": { "line": 58, "column": 4 }, "end": { "line": 62, "column": 5 } },
        "type": "if",
        "locations": [
          { "start": { "line": 58, "column": 4 }, "end": { "line": 62, "column": 5 } },
          { "start": { "line": 58, "column": 4 }, "end": { "line": 62, "column": 5 } }
        ],
        "line": 58
      },
      "4": {
        "loc": { "start": { "line": 58, "column": 8 }, "end": { "line": 58, "column": 73 } },
        "type": "binary-expr",
        "locations": [
          { "start": { "line": 58, "column": 8 }, "end": { "line": 58, "column": 34 } },
          { "start": { "line": 58, "column": 38 }, "end": { "line": 58, "column": 73 } }
        ],
        "line": 58
      },
      "5": {
        "loc": { "start": { "line": 73, "column": 4 }, "end": { "line": 77, "column": 5 } },
        "type": "if",
        "locations": [
          { "start": { "line": 73, "column": 4 }, "end": { "line": 77, "column": 5 } },
          { "start": { "line": 73, "column": 4 }, "end": { "line": 77, "column": 5 } }
        ],
        "line": 73
      },
      "6": {
        "loc": { "start": { "line": 73, "column": 8 }, "end": { "line": 73, "column": 73 } },
        "type": "binary-expr",
        "locations": [
          { "start": { "line": 73, "column": 8 }, "end": { "line": 73, "column": 34 } },
          { "start": { "line": 73, "column": 38 }, "end": { "line": 73, "column": 73 } }
        ],
        "line": 73
      },
      "7": {
        "loc": { "start": { "line": 93, "column": 30 }, "end": { "line": 93, "column": 45 } },
        "type": "default-arg",
        "locations": [{ "start": { "line": 93, "column": 43 }, "end": { "line": 93, "column": 45 } }],
        "line": 93
      },
      "8": {
        "loc": { "start": { "line": 94, "column": 4 }, "end": { "line": 96, "column": 5 } },
        "type": "if",
        "locations": [
          { "start": { "line": 94, "column": 4 }, "end": { "line": 96, "column": 5 } },
          { "start": { "line": 94, "column": 4 }, "end": { "line": 96, "column": 5 } }
        ],
        "line": 94
      },
      "9": {
        "loc": { "start": { "line": 102, "column": 12 }, "end": { "line": 104, "column": 13 } },
        "type": "if",
        "locations": [
          { "start": { "line": 102, "column": 12 }, "end": { "line": 104, "column": 13 } },
          { "start": { "line": 102, "column": 12 }, "end": { "line": 104, "column": 13 } }
        ],
        "line": 102
      },
      "10": {
        "loc": { "start": { "line": 102, "column": 16 }, "end": { "line": 102, "column": 68 } },
        "type": "binary-expr",
        "locations": [
          { "start": { "line": 102, "column": 16 }, "end": { "line": 102, "column": 40 } },
          { "start": { "line": 102, "column": 44 }, "end": { "line": 102, "column": 68 } }
        ],
        "line": 102
      },
      "11": {
        "loc": { "start": { "line": 105, "column": 12 }, "end": { "line": 107, "column": 13 } },
        "type": "if",
        "locations": [
          { "start": { "line": 105, "column": 12 }, "end": { "line": 107, "column": 13 } },
          { "start": { "line": 105, "column": 12 }, "end": { "line": 107, "column": 13 } }
        ],
        "line": 105
      },
      "12": {
        "loc": { "start": { "line": 105, "column": 16 }, "end": { "line": 105, "column": 68 } },
        "type": "binary-expr",
        "locations": [
          { "start": { "line": 105, "column": 16 }, "end": { "line": 105, "column": 40 } },
          { "start": { "line": 105, "column": 44 }, "end": { "line": 105, "column": 68 } }
        ],
        "line": 105
      }
    },
    "s": {
      "0": 1,
      "1": 1,
      "2": 1,
      "3": 1,
      "4": 1,
      "5": 148,
      "6": 52,
      "7": 52,
      "8": 0,
      "9": 0,
      "10": 52,
      "11": 52,
      "12": 38,
      "13": 14,
      "14": 31,
      "15": 31,
      "16": 31,
      "17": 79,
      "18": 31,
      "19": 31,
      "20": 31,
      "21": 31,
      "22": 47,
      "23": 31,
      "24": 31,
      "25": 26,
      "26": 0,
      "27": 26,
      "28": 26,
      "29": 88,
      "30": 32,
      "31": 56,
      "32": 12,
      "33": 44,
      "34": 96,
      "35": 26
    },
    "f": { "0": 148, "1": 52, "2": 52, "3": 31, "4": 79, "5": 31, "6": 47, "7": 31, "8": 26, "9": 88, "10": 96 },
    "b": {
      "0": [26],
      "1": [38, 14],
      "2": [52, 52],
      "3": [31, 0],
      "4": [31, 31],
      "5": [31, 0],
      "6": [31, 31],
      "7": [0],
      "8": [0, 26],
      "9": [32, 56],
      "10": [88, 52],
      "11": [12, 44],
      "12": [56, 36]
    },
    "_coverageSchema": "1a1c01bbd47fc00a2c39e90264f33305004495a9",
    "hash": "3e24e013099a49cc2b72d8d7523774ad9ce49607",
    "contentHash": "656c8bbd5a27cf89208a8fad2bb8f3a20a139a647902ab467513687a24544a12"
  },
  "/home/francois/dev/projects/jhipster/generator-jhipster-kafka/generators/app/prompts.js": {
    "path": "/home/francois/dev/projects/jhipster/generator-jhipster-kafka/generators/app/prompts.js",
    "statementMap": {
      "0": { "start": { "line": 1, "column": 10 }, "end": { "line": 1, "column": 27 } },
      "1": { "start": { "line": 2, "column": 14 }, "end": { "line": 2, "column": 30 } },
      "2": { "start": { "line": 3, "column": 11 }, "end": { "line": 3, "column": 24 } },
      "3": { "start": { "line": 4, "column": 26 }, "end": { "line": 4, "column": 86 } },
      "4": { "start": { "line": 6, "column": 18 }, "end": { "line": 6, "column": 41 } },
      "5": { "start": { "line": 7, "column": 14 }, "end": { "line": 7, "column": 35 } },
      "6": { "start": { "line": 9, "column": 0 }, "end": { "line": 11, "column": 2 } },
      "7": { "start": { "line": 13, "column": 30 }, "end": { "line": 14, "column": 122 } },
      "8": { "start": { "line": 14, "column": 4 }, "end": { "line": 14, "column": 122 } },
      "9": { "start": { "line": 17, "column": 4 }, "end": { "line": 26, "column": 6 } },
      "10": { "start": { "line": 30, "column": 4 }, "end": { "line": 43, "column": 6 } },
      "11": { "start": { "line": 47, "column": 4 }, "end": { "line": 56, "column": 6 } },
      "12": { "start": { "line": 66, "column": 28 }, "end": { "line": 66, "column": 30 } },
      "13": { "start": { "line": 67, "column": 30 }, "end": { "line": 67, "column": 32 } },
      "14": { "start": { "line": 69, "column": 4 }, "end": { "line": 69, "column": 99 } },
      "15": { "start": { "line": 71, "column": 4 }, "end": { "line": 75, "column": 5 } },
      "16": { "start": { "line": 72, "column": 8 }, "end": { "line": 72, "column": 76 } },
      "17": { "start": { "line": 74, "column": 8 }, "end": { "line": 74, "column": 125 } },
      "18": { "start": { "line": 76, "column": 4 }, "end": { "line": 84, "column": 7 } },
      "19": { "start": { "line": 77, "column": 8 }, "end": { "line": 83, "column": 9 } },
      "20": { "start": { "line": 78, "column": 31 }, "end": { "line": 78, "column": 94 } },
      "21": { "start": { "line": 79, "column": 12 }, "end": { "line": 82, "column": 15 } },
      "22": { "start": { "line": 85, "column": 4 }, "end": { "line": 85, "column": 27 } },
      "23": { "start": { "line": 89, "column": 20 }, "end": { "line": 98, "column": 5 } },
      "24": { "start": { "line": 100, "column": 17 }, "end": { "line": 100, "column": 34 } },
      "25": { "start": { "line": 101, "column": 4 }, "end": { "line": 113, "column": 5 } },
      "26": { "start": { "line": 102, "column": 8 }, "end": { "line": 109, "column": 11 } },
      "27": { "start": { "line": 103, "column": 12 }, "end": { "line": 103, "column": 66 } },
      "28": { "start": { "line": 104, "column": 12 }, "end": { "line": 108, "column": 13 } },
      "29": { "start": { "line": 105, "column": 16 }, "end": { "line": 105, "column": 57 } },
      "30": { "start": { "line": 106, "column": 19 }, "end": { "line": 108, "column": 13 } },
      "31": { "start": { "line": 107, "column": 16 }, "end": { "line": 107, "column": 61 } },
      "32": { "start": { "line": 111, "column": 8 }, "end": { "line": 111, "column": 76 } },
      "33": { "start": { "line": 112, "column": 8 }, "end": { "line": 112, "column": 15 } },
      "34": { "start": { "line": 117, "column": 26 }, "end": { "line": 167, "column": 5 } },
      "35": { "start": { "line": 125, "column": 32 }, "end": { "line": 125, "column": 101 } },
      "36": { "start": { "line": 129, "column": 16 }, "end": { "line": 129, "column": 136 } },
      "37": { "start": { "line": 135, "column": 32 }, "end": { "line": 135, "column": 98 } },
      "38": { "start": { "line": 138, "column": 30 }, "end": { "line": 138, "column": 77 } },
      "39": { "start": { "line": 143, "column": 16 }, "end": { "line": 143, "column": 68 } },
      "40": { "start": { "line": 143, "column": 38 }, "end": { "line": 143, "column": 68 } },
      "41": { "start": { "line": 144, "column": 16 }, "end": { "line": 146, "column": 17 } },
      "42": { "start": { "line": 144, "column": 62 }, "end": { "line": 144, "column": 119 } },
      "43": { "start": { "line": 145, "column": 20 }, "end": { "line": 145, "column": 93 } },
      "44": { "start": { "line": 147, "column": 16 }, "end": { "line": 147, "column": 28 } },
      "45": { "start": { "line": 151, "column": 30 }, "end": { "line": 151, "column": 88 } },
      "46": { "start": { "line": 156, "column": 32 }, "end": { "line": 156, "column": 77 } },
      "47": { "start": { "line": 159, "column": 30 }, "end": { "line": 159, "column": 88 } },
      "48": { "start": { "line": 169, "column": 4 }, "end": { "line": 173, "column": 5 } },
      "49": { "start": { "line": 170, "column": 8 }, "end": { "line": 170, "column": 96 } },
      "50": { "start": { "line": 170, "column": 79 }, "end": { "line": 170, "column": 93 } },
      "51": { "start": { "line": 171, "column": 8 }, "end": { "line": 171, "column": 15 } },
      "52": { "start": { "line": 172, "column": 8 }, "end": { "line": 172, "column": 15 } },
      "53": { "start": { "line": 175, "column": 4 }, "end": { "line": 182, "column": 7 } },
      "54": { "start": { "line": 176, "column": 8 }, "end": { "line": 178, "column": 9 } },
      "55": { "start": { "line": 177, "column": 12 }, "end": { "line": 177, "column": 77 } },
      "56": { "start": { "line": 180, "column": 8 }, "end": { "line": 180, "column": 60 } },
      "57": { "start": { "line": 181, "column": 8 }, "end": { "line": 181, "column": 15 } },
      "58": { "start": { "line": 186, "column": 33 }, "end": { "line": 199, "column": 5 } },
      "59": { "start": { "line": 187, "column": 28 }, "end": { "line": 187, "column": 54 } },
      "60": { "start": { "line": 188, "column": 35 }, "end": { "line": 188, "column": 89 } },
      "61": { "start": { "line": 191, "column": 8 }, "end": { "line": 198, "column": 10 } },
      "62": { "start": { "line": 193, "column": 16 }, "end": { "line": 197, "column": 61 } },
      "63": { "start": { "line": 201, "column": 30 }, "end": { "line": 227, "column": 5 } },
      "64": { "start": { "line": 210, "column": 30 }, "end": { "line": 210, "column": 76 } },
      "65": { "start": { "line": 215, "column": 16 }, "end": { "line": 215, "column": 68 } },
      "66": { "start": { "line": 215, "column": 38 }, "end": { "line": 215, "column": 68 } },
      "67": { "start": { "line": 217, "column": 16 }, "end": { "line": 219, "column": 17 } },
      "68": { "start": { "line": 217, "column": 62 }, "end": { "line": 217, "column": 119 } },
      "69": { "start": { "line": 218, "column": 20 }, "end": { "line": 218, "column": 93 } },
      "70": { "start": { "line": 221, "column": 44 }, "end": { "line": 221, "column": 131 } },
      "71": { "start": { "line": 222, "column": 16 }, "end": { "line": 222, "column": 120 } },
      "72": { "start": { "line": 222, "column": 54 }, "end": { "line": 222, "column": 120 } },
      "73": { "start": { "line": 224, "column": 16 }, "end": { "line": 224, "column": 28 } },
      "74": { "start": { "line": 229, "column": 4 }, "end": { "line": 245, "column": 7 } },
      "75": { "start": { "line": 230, "column": 8 }, "end": { "line": 230, "column": 50 } },
      "76": { "start": { "line": 232, "column": 8 }, "end": { "line": 244, "column": 9 } },
      "77": { "start": { "line": 233, "column": 12 }, "end": { "line": 233, "column": 66 } },
      "78": { "start": { "line": 234, "column": 12 }, "end": { "line": 234, "column": 66 } },
      "79": { "start": { "line": 235, "column": 12 }, "end": { "line": 237, "column": 13 } },
      "80": { "start": { "line": 236, "column": 16 }, "end": { "line": 236, "column": 69 } },
      "81": { "start": { "line": 238, "column": 12 }, "end": { "line": 240, "column": 13 } },
      "82": { "start": { "line": 239, "column": 16 }, "end": { "line": 239, "column": 79 } },
      "83": { "start": { "line": 241, "column": 12 }, "end": { "line": 241, "column": 59 } },
      "84": { "start": { "line": 243, "column": 12 }, "end": { "line": 243, "column": 19 } },
      "85": { "start": { "line": 249, "column": 32 }, "end": { "line": 249, "column": 34 } },
      "86": { "start": { "line": 250, "column": 32 }, "end": { "line": 250, "column": 50 } },
      "87": { "start": { "line": 251, "column": 31 }, "end": { "line": 251, "column": 85 } },
      "88": { "start": { "line": 252, "column": 32 }, "end": { "line": 252, "column": 74 } },
      "89": { "start": { "line": 253, "column": 4 }, "end": { "line": 267, "column": 5 } },
      "90": { "start": { "line": 254, "column": 35 }, "end": { "line": 254, "column": 96 } },
      "91": { "start": { "line": 255, "column": 8 }, "end": { "line": 260, "column": 9 } },
      "92": { "start": { "line": 259, "column": 12 }, "end": { "line": 259, "column": 138 } },
      "93": { "start": { "line": 259, "column": 81 }, "end": { "line": 259, "column": 135 } },
      "94": { "start": { "line": 261, "column": 8 }, "end": { "line": 266, "column": 9 } },
      "95": { "start": { "line": 265, "column": 12 }, "end": { "line": 265, "column": 138 } },
      "96": { "start": { "line": 265, "column": 81 }, "end": { "line": 265, "column": 135 } },
      "97": { "start": { "line": 268, "column": 4 }, "end": { "line": 268, "column": 31 } },
      "98": { "start": { "line": 272, "column": 35 }, "end": { "line": 304, "column": 5 } },
      "99": { "start": { "line": 273, "column": 36 }, "end": { "line": 273, "column": 38 } },
      "100": { "start": { "line": 274, "column": 36 }, "end": { "line": 274, "column": 54 } },
      "101": { "start": { "line": 275, "column": 35 }, "end": { "line": 275, "column": 89 } },
      "102": { "start": { "line": 277, "column": 8 }, "end": { "line": 279, "column": 9 } },
      "103": { "start": { "line": 278, "column": 12 }, "end": { "line": 278, "column": 104 } },
      "104": { "start": { "line": 283, "column": 8 }, "end": { "line": 302, "column": 9 } },
      "105": { "start": { "line": 284, "column": 12 }, "end": { "line": 292, "column": 13 } },
      "106": { "start": { "line": 289, "column": 16 }, "end": { "line": 291, "column": 18 } },
      "107": { "start": { "line": 290, "column": 64 }, "end": { "line": 290, "column": 118 } },
      "108": { "start": { "line": 293, "column": 12 }, "end": { "line": 301, "column": 13 } },
      "109": { "start": { "line": 298, "column": 16 }, "end": { "line": 300, "column": 18 } },
      "110": { "start": { "line": 299, "column": 64 }, "end": { "line": 299, "column": 118 } },
      "111": { "start": { "line": 303, "column": 8 }, "end": { "line": 303, "column": 35 } },
      "112": { "start": { "line": 306, "column": 32 }, "end": { "line": 344, "column": 5 } },
      "113": { "start": { "line": 311, "column": 32 }, "end": { "line": 311, "column": 101 } },
      "114": { "start": { "line": 318, "column": 16 }, "end": { "line": 320, "column": 47 } },
      "115": { "start": { "line": 328, "column": 16 }, "end": { "line": 330, "column": 54 } },
      "116": { "start": { "line": 346, "column": 4 }, "end": { "line": 372, "column": 7 } },
      "117": { "start": { "line": 347, "column": 8 }, "end": { "line": 371, "column": 9 } },
      "118": { "start": { "line": 348, "column": 12 }, "end": { "line": 350, "column": 13 } },
      "119": { "start": { "line": 349, "column": 16 }, "end": { "line": 349, "column": 62 } },
      "120": { "start": { "line": 351, "column": 12 }, "end": { "line": 357, "column": 13 } },
      "121": { "start": { "line": 352, "column": 16 }, "end": { "line": 356, "column": 17 } },
      "122": { "start": { "line": 353, "column": 20 }, "end": { "line": 353, "column": 130 } },
      "123": { "start": { "line": 355, "column": 20 }, "end": { "line": 355, "column": 94 } },
      "124": { "start": { "line": 358, "column": 12 }, "end": { "line": 360, "column": 13 } },
      "125": { "start": { "line": 359, "column": 16 }, "end": { "line": 359, "column": 73 } },
      "126": { "start": { "line": 361, "column": 12 }, "end": { "line": 363, "column": 13 } },
      "127": { "start": { "line": 362, "column": 16 }, "end": { "line": 362, "column": 86 } },
      "128": { "start": { "line": 364, "column": 12 }, "end": { "line": 368, "column": 13 } },
      "129": { "start": { "line": 365, "column": 16 }, "end": { "line": 365, "column": 61 } },
      "130": { "start": { "line": 367, "column": 16 }, "end": { "line": 367, "column": 23 } },
      "131": { "start": { "line": 370, "column": 12 }, "end": { "line": 370, "column": 19 } },
      "132": { "start": { "line": 376, "column": 4 }, "end": { "line": 376, "column": 58 } },
      "133": { "start": { "line": 377, "column": 4 }, "end": { "line": 381, "column": 5 } },
      "134": { "start": { "line": 378, "column": 8 }, "end": { "line": 378, "column": 98 } },
      "135": { "start": { "line": 380, "column": 8 }, "end": { "line": 380, "column": 96 } }
    },
    "fnMap": {
      "0": {
        "name": "(anonymous_0)",
        "decl": { "start": { "line": 13, "column": 30 }, "end": { "line": 13, "column": 31 } },
        "loc": { "start": { "line": 14, "column": 4 }, "end": { "line": 14, "column": 122 } },
        "line": 14
      },
      "1": {
        "name": "generationTypeChoices",
        "decl": { "start": { "line": 16, "column": 9 }, "end": { "line": 16, "column": 30 } },
        "loc": { "start": { "line": 16, "column": 33 }, "end": { "line": 27, "column": 1 } },
        "line": 16
      },
      "2": {
        "name": "offsetChoices",
        "decl": { "start": { "line": 29, "column": 9 }, "end": { "line": 29, "column": 22 } },
        "loc": { "start": { "line": 29, "column": 25 }, "end": { "line": 44, "column": 1 } },
        "line": 29
      },
      "3": {
        "name": "componentChoices",
        "decl": { "start": { "line": 46, "column": 9 }, "end": { "line": 46, "column": 25 } },
        "loc": { "start": { "line": 46, "column": 28 }, "end": { "line": 57, "column": 1 } },
        "line": 46
      },
      "4": {
        "name": "entitiesChoices",
        "decl": { "start": { "line": 65, "column": 9 }, "end": { "line": 65, "column": 24 } },
        "loc": { "start": { "line": 65, "column": 36 }, "end": { "line": 86, "column": 1 } },
        "line": 65
      },
      "5": {
        "name": "(anonymous_5)",
        "decl": { "start": { "line": 76, "column": 32 }, "end": { "line": 76, "column": 33 } },
        "loc": { "start": { "line": 76, "column": 41 }, "end": { "line": 84, "column": 5 } },
        "line": 76
      },
      "6": {
        "name": "askForOperations",
        "decl": { "start": { "line": 88, "column": 9 }, "end": { "line": 88, "column": 25 } },
        "loc": { "start": { "line": 88, "column": 37 }, "end": { "line": 114, "column": 1 } },
        "line": 88
      },
      "7": {
        "name": "(anonymous_7)",
        "decl": { "start": { "line": 102, "column": 39 }, "end": { "line": 102, "column": 40 } },
[...]
        "type": "cond-expr",
        "locations": [
          { "start": { "line": 125, "column": 51 }, "end": { "line": 125, "column": 94 } },
          { "start": { "line": 125, "column": 97 }, "end": { "line": 125, "column": 101 } }
        ],
        "line": 125
      },
      "5": {
        "loc": { "start": { "line": 129, "column": 16 }, "end": { "line": 129, "column": 136 } },
        "type": "binary-expr",
        "locations": [
          { "start": { "line": 129, "column": 16 }, "end": { "line": 129, "column": 74 } },
          { "start": { "line": 129, "column": 78 }, "end": { "line": 129, "column": 136 } }
        ],
        "line": 129
      },
      "6": {
        "loc": { "start": { "line": 135, "column": 32 }, "end": { "line": 135, "column": 98 } },
        "type": "cond-expr",
        "locations": [
          { "start": { "line": 135, "column": 51 }, "end": { "line": 135, "column": 91 } },
          { "start": { "line": 135, "column": 94 }, "end": { "line": 135, "column": 98 } }
        ],
        "line": 135
      },
      "7": {
        "loc": { "start": { "line": 143, "column": 16 }, "end": { "line": 143, "column": 68 } },
        "type": "if",
        "locations": [
          { "start": { "line": 143, "column": 16 }, "end": { "line": 143, "column": 68 } },
          { "start": { "line": 143, "column": 16 }, "end": { "line": 143, "column": 68 } }
        ],
        "line": 143
      },
      "8": {
        "loc": { "start": { "line": 144, "column": 16 }, "end": { "line": 146, "column": 17 } },
        "type": "if",
        "locations": [
          { "start": { "line": 144, "column": 16 }, "end": { "line": 146, "column": 17 } },
          { "start": { "line": 144, "column": 16 }, "end": { "line": 146, "column": 17 } }
        ],
        "line": 144
      },
      "9": {
        "loc": { "start": { "line": 156, "column": 32 }, "end": { "line": 156, "column": 77 } },
        "type": "cond-expr",
        "locations": [
          { "start": { "line": 156, "column": 47 }, "end": { "line": 156, "column": 70 } },
          { "start": { "line": 156, "column": 73 }, "end": { "line": 156, "column": 77 } }
        ],
        "line": 156
      },
      "10": {
        "loc": { "start": { "line": 169, "column": 4 }, "end": { "line": 173, "column": 5 } },
        "type": "if",
        "locations": [
          { "start": { "line": 169, "column": 4 }, "end": { "line": 173, "column": 5 } },
          { "start": { "line": 169, "column": 4 }, "end": { "line": 173, "column": 5 } }
        ],
        "line": 169
      },
      "11": {
        "loc": { "start": { "line": 176, "column": 8 }, "end": { "line": 178, "column": 9 } },
        "type": "if",
        "locations": [
          { "start": { "line": 176, "column": 8 }, "end": { "line": 178, "column": 9 } },
          { "start": { "line": 176, "column": 8 }, "end": { "line": 178, "column": 9 } }
        ],
        "line": 176
      },
      "12": {
        "loc": { "start": { "line": 193, "column": 16 }, "end": { "line": 197, "column": 61 } },
        "type": "binary-expr",
        "locations": [
          { "start": { "line": 193, "column": 17 }, "end": { "line": 193, "column": 73 } },
          { "start": { "line": 193, "column": 77 }, "end": { "line": 193, "column": 133 } },
          { "start": { "line": 194, "column": 17 }, "end": { "line": 194, "column": 76 } },
          { "start": { "line": 195, "column": 20 }, "end": { "line": 195, "column": 118 } },
          { "start": { "line": 196, "column": 20 }, "end": { "line": 196, "column": 118 } },
          { "start": { "line": 197, "column": 20 }, "end": { "line": 197, "column": 60 } }
        ],
        "line": 193
      },
      "13": {
        "loc": { "start": { "line": 215, "column": 16 }, "end": { "line": 215, "column": 68 } },
        "type": "if",
        "locations": [
          { "start": { "line": 215, "column": 16 }, "end": { "line": 215, "column": 68 } },
          { "start": { "line": 215, "column": 16 }, "end": { "line": 215, "column": 68 } }
        ],
        "line": 215
      },
      "14": {
        "loc": { "start": { "line": 217, "column": 16 }, "end": { "line": 219, "column": 17 } },
        "type": "if",
        "locations": [
          { "start": { "line": 217, "column": 16 }, "end": { "line": 219, "column": 17 } },
          { "start": { "line": 217, "column": 16 }, "end": { "line": 219, "column": 17 } }
        ],
        "line": 217
      },
      "15": {
        "loc": { "start": { "line": 222, "column": 16 }, "end": { "line": 222, "column": 120 } },
        "type": "if",
        "locations": [
          { "start": { "line": 222, "column": 16 }, "end": { "line": 222, "column": 120 } },
          { "start": { "line": 222, "column": 16 }, "end": { "line": 222, "column": 120 } }
        ],
        "line": 222
      },
      "16": {
        "loc": { "start": { "line": 232, "column": 8 }, "end": { "line": 244, "column": 9 } },
        "type": "if",
        "locations": [
          { "start": { "line": 232, "column": 8 }, "end": { "line": 244, "column": 9 } },
          { "start": { "line": 232, "column": 8 }, "end": { "line": 244, "column": 9 } }
        ],
        "line": 232
      },
      "17": {
        "loc": { "start": { "line": 235, "column": 12 }, "end": { "line": 237, "column": 13 } },
        "type": "if",
        "locations": [
          { "start": { "line": 235, "column": 12 }, "end": { "line": 237, "column": 13 } },
          { "start": { "line": 235, "column": 12 }, "end": { "line": 237, "column": 13 } }
        ],
        "line": 235
      },
      "18": {
        "loc": { "start": { "line": 235, "column": 16 }, "end": { "line": 235, "column": 122 } },
        "type": "binary-expr",
        "locations": [
          { "start": { "line": 235, "column": 16 }, "end": { "line": 235, "column": 73 } },
          { "start": { "line": 235, "column": 77 }, "end": { "line": 235, "column": 122 } }
        ],
        "line": 235
      },
      "19": {
        "loc": { "start": { "line": 238, "column": 12 }, "end": { "line": 240, "column": 13 } },
        "type": "if",
        "locations": [
          { "start": { "line": 238, "column": 12 }, "end": { "line": 240, "column": 13 } },
          { "start": { "line": 238, "column": 12 }, "end": { "line": 240, "column": 13 } }
        ],
        "line": 238
      },
      "20": {
        "loc": { "start": { "line": 238, "column": 16 }, "end": { "line": 238, "column": 108 } },
        "type": "binary-expr",
        "locations": [
          { "start": { "line": 238, "column": 16 }, "end": { "line": 238, "column": 37 } },
          { "start": { "line": 238, "column": 41 }, "end": { "line": 238, "column": 108 } }
        ],
        "line": 238
      },
      "21": {
        "loc": { "start": { "line": 253, "column": 4 }, "end": { "line": 267, "column": 5 } },
        "type": "if",
        "locations": [
          { "start": { "line": 253, "column": 4 }, "end": { "line": 267, "column": 5 } },
          { "start": { "line": 253, "column": 4 }, "end": { "line": 267, "column": 5 } }
        ],
        "line": 253
      },
      "22": {
        "loc": { "start": { "line": 255, "column": 8 }, "end": { "line": 260, "column": 9 } },
        "type": "if",
        "locations": [
          { "start": { "line": 255, "column": 8 }, "end": { "line": 260, "column": 9 } },
          { "start": { "line": 255, "column": 8 }, "end": { "line": 260, "column": 9 } }
        ],
        "line": 255
      },
      "23": {
        "loc": { "start": { "line": 256, "column": 12 }, "end": { "line": 257, "column": 95 } },
        "type": "binary-expr",
        "locations": [
          { "start": { "line": 256, "column": 12 }, "end": { "line": 256, "column": 71 } },
          { "start": { "line": 257, "column": 13 }, "end": { "line": 257, "column": 32 } },
          { "start": { "line": 257, "column": 36 }, "end": { "line": 257, "column": 94 } }
        ],
        "line": 256
      },
      "24": {
        "loc": { "start": { "line": 261, "column": 8 }, "end": { "line": 266, "column": 9 } },
        "type": "if",
        "locations": [
          { "start": { "line": 261, "column": 8 }, "end": { "line": 266, "column": 9 } },
          { "start": { "line": 261, "column": 8 }, "end": { "line": 266, "column": 9 } }
        ],
        "line": 261
      },
      "25": {
        "loc": { "start": { "line": 262, "column": 12 }, "end": { "line": 263, "column": 95 } },
        "type": "binary-expr",
        "locations": [
          { "start": { "line": 262, "column": 12 }, "end": { "line": 262, "column": 71 } },
          { "start": { "line": 263, "column": 13 }, "end": { "line": 263, "column": 32 } },
          { "start": { "line": 263, "column": 36 }, "end": { "line": 263, "column": 94 } }
        ],
        "line": 262
      },
      "26": {
        "loc": { "start": { "line": 277, "column": 8 }, "end": { "line": 279, "column": 9 } },
        "type": "if",
        "locations": [
          { "start": { "line": 277, "column": 8 }, "end": { "line": 279, "column": 9 } },
          { "start": { "line": 277, "column": 8 }, "end": { "line": 279, "column": 9 } }
        ],
        "line": 277
      },
      "27": {
        "loc": { "start": { "line": 283, "column": 8 }, "end": { "line": 302, "column": 9 } },
        "type": "if",
        "locations": [
          { "start": { "line": 283, "column": 8 }, "end": { "line": 302, "column": 9 } },
          { "start": { "line": 283, "column": 8 }, "end": { "line": 302, "column": 9 } }
        ],
        "line": 283
      },
      "28": {
        "loc": { "start": { "line": 284, "column": 12 }, "end": { "line": 292, "column": 13 } },
        "type": "if",
        "locations": [
          { "start": { "line": 284, "column": 12 }, "end": { "line": 292, "column": 13 } },
          { "start": { "line": 284, "column": 12 }, "end": { "line": 292, "column": 13 } }
        ],
        "line": 284
      },
      "29": {
        "loc": { "start": { "line": 285, "column": 16 }, "end": { "line": 287, "column": 113 } },
        "type": "binary-expr",
        "locations": [
          { "start": { "line": 285, "column": 16 }, "end": { "line": 285, "column": 66 } },
          { "start": { "line": 286, "column": 17 }, "end": { "line": 286, "column": 70 } },
          { "start": { "line": 287, "column": 20 }, "end": { "line": 287, "column": 112 } }
        ],
        "line": 285
      },
      "30": {
        "loc": { "start": { "line": 293, "column": 12 }, "end": { "line": 301, "column": 13 } },
        "type": "if",
        "locations": [
          { "start": { "line": 293, "column": 12 }, "end": { "line": 301, "column": 13 } },
          { "start": { "line": 293, "column": 12 }, "end": { "line": 301, "column": 13 } }
        ],
        "line": 293
      },
      "31": {
        "loc": { "start": { "line": 294, "column": 16 }, "end": { "line": 296, "column": 113 } },
        "type": "binary-expr",
        "locations": [
          { "start": { "line": 294, "column": 16 }, "end": { "line": 294, "column": 66 } },
          { "start": { "line": 295, "column": 17 }, "end": { "line": 295, "column": 70 } },
          { "start": { "line": 296, "column": 20 }, "end": { "line": 296, "column": 112 } }
        ],
        "line": 294
      },
      "32": {
        "loc": { "start": { "line": 311, "column": 32 }, "end": { "line": 311, "column": 101 } },
        "type": "cond-expr",
        "locations": [
          { "start": { "line": 311, "column": 51 }, "end": { "line": 311, "column": 94 } },
          { "start": { "line": 311, "column": 97 }, "end": { "line": 311, "column": 101 } }
        ],
        "line": 311
      },
      "33": {
        "loc": { "start": { "line": 318, "column": 16 }, "end": { "line": 320, "column": 47 } },
        "type": "binary-expr",
        "locations": [
          { "start": { "line": 318, "column": 16 }, "end": { "line": 318, "column": 87 } },
          { "start": { "line": 319, "column": 16 }, "end": { "line": 319, "column": 45 } },
          { "start": { "line": 320, "column": 16 }, "end": { "line": 320, "column": 47 } }
        ],
        "line": 318
      },
      "34": {
        "loc": { "start": { "line": 328, "column": 16 }, "end": { "line": 330, "column": 54 } },
        "type": "binary-expr",
        "locations": [
          { "start": { "line": 328, "column": 16 }, "end": { "line": 328, "column": 87 } },
          { "start": { "line": 329, "column": 16 }, "end": { "line": 329, "column": 45 } },
          { "start": { "line": 330, "column": 16 }, "end": { "line": 330, "column": 54 } }
        ],
        "line": 328
      },
      "35": {
        "loc": { "start": { "line": 347, "column": 8 }, "end": { "line": 371, "column": 9 } },
        "type": "if",
        "locations": [
          { "start": { "line": 347, "column": 8 }, "end": { "line": 371, "column": 9 } },
          { "start": { "line": 347, "column": 8 }, "end": { "line": 371, "column": 9 } }
        ],
        "line": 347
      },
      "36": {
        "loc": { "start": { "line": 348, "column": 12 }, "end": { "line": 350, "column": 13 } },
        "type": "if",
        "locations": [
          { "start": { "line": 348, "column": 12 }, "end": { "line": 350, "column": 13 } },
          { "start": { "line": 348, "column": 12 }, "end": { "line": 350, "column": 13 } }
        ],
        "line": 348
      },
      "37": {
        "loc": { "start": { "line": 351, "column": 12 }, "end": { "line": 357, "column": 13 } },
        "type": "if",
        "locations": [
          { "start": { "line": 351, "column": 12 }, "end": { "line": 357, "column": 13 } },
          { "start": { "line": 351, "column": 12 }, "end": { "line": 357, "column": 13 } }
        ],
        "line": 351
      },
      "38": {
        "loc": { "start": { "line": 351, "column": 16 }, "end": { "line": 351, "column": 93 } },
        "type": "binary-expr",
        "locations": [
          { "start": { "line": 351, "column": 16 }, "end": { "line": 351, "column": 47 } },
          { "start": { "line": 351, "column": 51 }, "end": { "line": 351, "column": 93 } }
        ],
        "line": 351
      },
      "39": {
        "loc": { "start": { "line": 352, "column": 16 }, "end": { "line": 356, "column": 17 } },
        "type": "if",
        "locations": [
          { "start": { "line": 352, "column": 16 }, "end": { "line": 356, "column": 17 } },
          { "start": { "line": 352, "column": 16 }, "end": { "line": 356, "column": 17 } }
        ],
        "line": 352
      },
      "40": {
        "loc": { "start": { "line": 358, "column": 12 }, "end": { "line": 360, "column": 13 } },
        "type": "if",
        "locations": [
          { "start": { "line": 358, "column": 12 }, "end": { "line": 360, "column": 13 } },
          { "start": { "line": 358, "column": 12 }, "end": { "line": 360, "column": 13 } }
        ],
        "line": 358
      },
      "41": {
        "loc": { "start": { "line": 361, "column": 12 }, "end": { "line": 363, "column": 13 } },
        "type": "if",
        "locations": [
          { "start": { "line": 361, "column": 12 }, "end": { "line": 363, "column": 13 } },
          { "start": { "line": 361, "column": 12 }, "end": { "line": 363, "column": 13 } }
        ],
        "line": 361
      },
      "42": {
        "loc": { "start": { "line": 364, "column": 12 }, "end": { "line": 368, "column": 13 } },
        "type": "if",
        "locations": [
          { "start": { "line": 364, "column": 12 }, "end": { "line": 368, "column": 13 } },
          { "start": { "line": 364, "column": 12 }, "end": { "line": 368, "column": 13 } }
        ],
        "line": 364
      },
      "43": {
        "loc": { "start": { "line": 377, "column": 4 }, "end": { "line": 381, "column": 5 } },
        "type": "if",
        "locations": [
          { "start": { "line": 377, "column": 4 }, "end": { "line": 381, "column": 5 } },
          { "start": { "line": 377, "column": 4 }, "end": { "line": 381, "column": 5 } }
        ],
        "line": 377
      }
    },
    "s": {
      "0": 1,
      "1": 1,
      "2": 1,
      "3": 1,
      "4": 1,
      "5": 1,
      "6": 1,
      "7": 1,
      "8": 26,
      "9": 19,
      "10": 19,
      "11": 24,
      "12": 19,
      "13": 19,
      "14": 19,
      "15": 19,
      "16": 19,
      "17": 0,
      "18": 19,
      "19": 31,
      "20": 25,
      "21": 25,
      "22": 19,
      "23": 19,
      "24": 19,
      "25": 19,
      "26": 19,
      "27": 19,
      "28": 19,
      "29": 6,
      "30": 13,
      "31": 13,
      "32": 0,
      "33": 0,
      "34": 6,
      "35": 0,
      "36": 5,
      "37": 0,
      "38": 5,
      "39": 0,
      "40": 0,
      "41": 0,
      "42": 0,
      "43": 0,
      "44": 0,
      "45": 5,
      "46": 0,
      "47": 5,
      "48": 6,
      "49": 1,
      "50": 5,
      "51": 1,
      "52": 1,
      "53": 5,
      "54": 5,
      "55": 2,
      "56": 5,
      "57": 5,
      "58": 13,
      "59": 13,
      "60": 13,
      "61": 13,
      "62": 32,
      "63": 13,
      "64": 13,
      "65": 0,
      "66": 0,
      "67": 0,
      "68": 0,
      "69": 0,
      "70": 0,
      "71": 0,
      "72": 0,
      "73": 0,
      "74": 13,
      "75": 13,
      "76": 13,
      "77": 13,
      "78": 13,
      "79": 13,
      "80": 13,
      "81": 13,
      "82": 5,
      "83": 13,
      "84": 0,
      "85": 5,
      "86": 5,
      "87": 5,
      "88": 5,
      "89": 5,
      "90": 5,
      "91": 5,
      "92": 5,
      "93": 5,
      "94": 5,
      "95": 5,
      "96": 10,
      "97": 5,
      "98": 13,
      "99": 13,
      "100": 13,
      "101": 13,
      "102": 13,
      "103": 5,
      "104": 8,
      "105": 8,
      "106": 8,
      "107": 8,
      "108": 8,
      "109": 8,
      "110": 16,
      "111": 8,
      "112": 13,
      "113": 0,
      "114": 13,
      "115": 13,
      "116": 13,
      "117": 13,
      "118": 13,
      "119": 0,
      "120": 13,
      "121": 13,
      "122": 5,
      "123": 8,
      "124": 13,
      "125": 10,
      "126": 13,
      "127": 10,
      "128": 13,
      "129": 0,
      "130": 13,
      "131": 0,
      "132": 13,
      "133": 13,
      "134": 0,
      "135": 13
    },
    "f": {
      "0": 26,
      "1": 19,
      "2": 19,
      "3": 24,
      "4": 19,
      "5": 31,
      "6": 19,
      "7": 19,
      "8": 6,
      "9": 0,
      "10": 5,
      "11": 0,
      "12": 5,
      "13": 0,
      "14": 0,
      "15": 5,
      "16": 0,
      "17": 5,
      "18": 5,
      "19": 5,
      "20": 13,
      "21": 13,
      "22": 32,
      "23": 13,
      "24": 0,
      "25": 0,
      "26": 13,
      "27": 5,
      "28": 5,
      "29": 10,
      "30": 13,
      "31": 13,
      "32": 8,
      "33": 16,
      "34": 0,
      "35": 13,
      "36": 13,
      "37": 13,
      "38": 13
    },
    "b": {
      "0": [25, 6],
      "1": [6, 13],
      "2": [19, 18],
      "3": [13, 0],
      "4": [0, 0],
      "5": [5, 0],
      "6": [0, 0],
      "7": [0, 0],
      "8": [0, 0],
      "9": [0, 0],
      "10": [1, 5],
      "11": [2, 3],
      "12": [32, 6, 26, 0, 0, 0],
      "13": [0, 0],
      "14": [0, 0],
      "15": [0, 0],
      "16": [13, 0],
      "17": [13, 0],
      "18": [13, 0],
      "19": [5, 8],
      "20": [13, 5],
      "21": [5, 0],
      "22": [5, 0],
      "23": [5, 5, 0],
      "24": [5, 0],
      "25": [5, 5, 0],
      "26": [5, 8],
      "27": [8, 0],
      "28": [8, 0],
      "29": [8, 8, 0],
      "30": [8, 0],
      "31": [8, 8, 0],
      "32": [0, 0],
      "33": [13, 10, 10],
      "34": [13, 10, 10],
      "35": [13, 0],
      "36": [0, 13],
      "37": [13, 0],
      "38": [13, 13],
      "39": [5, 8],
      "40": [10, 3],
      "41": [10, 3],
      "42": [0, 13],
      "43": [0, 13]
    },
    "_coverageSchema": "1a1c01bbd47fc00a2c39e90264f33305004495a9",
    "hash": "d7c3e3b68c24e01706feb3f61ea023e54702f19e",
    "contentHash": "895953a9518c690daa1780f5854802672934c86bd935021eb5cad07769b38a03"
  }
}
